0 info it worked if it ends with ok
1 verbose cli [ 'C:\\Program Files\\nodejs\\node.exe',
1 verbose cli   'C:\\Program Files\\nodejs\\node_modules\\npm\\bin\\npm-cli.js',
1 verbose cli   'update' ]
2 info using npm@2.14.7
3 info using node@v4.2.1
4 silly mapToRegistry name mongoose
5 silly mapToRegistry using default registry
6 silly mapToRegistry registry https://registry.npmjs.org/
7 silly mapToRegistry uri https://registry.npmjs.org/mongoose
8 silly mapToRegistry name nodemon
9 silly mapToRegistry using default registry
10 silly mapToRegistry registry https://registry.npmjs.org/
11 silly mapToRegistry uri https://registry.npmjs.org/nodemon
12 silly mapToRegistry name express
13 silly mapToRegistry using default registry
14 silly mapToRegistry registry https://registry.npmjs.org/
15 silly mapToRegistry uri https://registry.npmjs.org/express
16 silly mapToRegistry name ejs
17 silly mapToRegistry using default registry
18 silly mapToRegistry registry https://registry.npmjs.org/
19 silly mapToRegistry uri https://registry.npmjs.org/ejs
20 silly mapToRegistry name array.from
21 silly mapToRegistry using default registry
22 silly mapToRegistry registry https://registry.npmjs.org/
23 silly mapToRegistry uri https://registry.npmjs.org/array.from
24 silly mapToRegistry name babelify
25 silly mapToRegistry using default registry
26 silly mapToRegistry registry https://registry.npmjs.org/
27 silly mapToRegistry uri https://registry.npmjs.org/babelify
28 silly mapToRegistry name browserify
29 silly mapToRegistry using default registry
30 silly mapToRegistry registry https://registry.npmjs.org/
31 silly mapToRegistry uri https://registry.npmjs.org/browserify
32 silly mapToRegistry name es5-ext
33 silly mapToRegistry using default registry
34 silly mapToRegistry registry https://registry.npmjs.org/
35 silly mapToRegistry uri https://registry.npmjs.org/es5-ext
36 silly mapToRegistry name express-vhost
37 silly mapToRegistry using default registry
38 silly mapToRegistry registry https://registry.npmjs.org/
39 silly mapToRegistry uri https://registry.npmjs.org/express-vhost
40 silly mapToRegistry name forever
41 silly mapToRegistry using default registry
42 silly mapToRegistry registry https://registry.npmjs.org/
43 silly mapToRegistry uri https://registry.npmjs.org/forever
44 silly mapToRegistry name gulp
45 silly mapToRegistry using default registry
46 silly mapToRegistry registry https://registry.npmjs.org/
47 silly mapToRegistry uri https://registry.npmjs.org/gulp
48 silly mapToRegistry name gulp-autoprefixer
49 silly mapToRegistry using default registry
50 silly mapToRegistry registry https://registry.npmjs.org/
51 silly mapToRegistry uri https://registry.npmjs.org/gulp-autoprefixer
52 silly mapToRegistry name gulp-browserify2
53 silly mapToRegistry using default registry
54 silly mapToRegistry registry https://registry.npmjs.org/
55 silly mapToRegistry uri https://registry.npmjs.org/gulp-browserify2
56 silly mapToRegistry name gulp-jshint
57 silly mapToRegistry using default registry
58 silly mapToRegistry registry https://registry.npmjs.org/
59 silly mapToRegistry uri https://registry.npmjs.org/gulp-jshint
60 silly mapToRegistry name gulp-minify-css
61 silly mapToRegistry using default registry
62 silly mapToRegistry registry https://registry.npmjs.org/
63 silly mapToRegistry uri https://registry.npmjs.org/gulp-minify-css
64 silly mapToRegistry name gulp-rename
65 silly mapToRegistry using default registry
66 silly mapToRegistry registry https://registry.npmjs.org/
67 silly mapToRegistry uri https://registry.npmjs.org/gulp-rename
68 silly mapToRegistry name gulp-sass
69 silly mapToRegistry using default registry
70 silly mapToRegistry registry https://registry.npmjs.org/
71 silly mapToRegistry uri https://registry.npmjs.org/gulp-sass
72 silly mapToRegistry name gulp-sourcemaps
73 silly mapToRegistry using default registry
74 silly mapToRegistry registry https://registry.npmjs.org/
75 silly mapToRegistry uri https://registry.npmjs.org/gulp-sourcemaps
76 silly mapToRegistry name gulp-uglify
77 silly mapToRegistry using default registry
78 silly mapToRegistry registry https://registry.npmjs.org/
79 silly mapToRegistry uri https://registry.npmjs.org/gulp-uglify
80 silly mapToRegistry name gulp-util
81 silly mapToRegistry using default registry
82 silly mapToRegistry registry https://registry.npmjs.org/
83 silly mapToRegistry uri https://registry.npmjs.org/gulp-util
84 silly mapToRegistry name jasmine-core
85 silly mapToRegistry using default registry
86 silly mapToRegistry registry https://registry.npmjs.org/
87 silly mapToRegistry uri https://registry.npmjs.org/jasmine-core
88 silly mapToRegistry name jasmine-jquery
89 silly mapToRegistry using default registry
90 silly mapToRegistry registry https://registry.npmjs.org/
91 silly mapToRegistry uri https://registry.npmjs.org/jasmine-jquery
92 silly mapToRegistry name karma
93 silly mapToRegistry using default registry
94 silly mapToRegistry registry https://registry.npmjs.org/
95 silly mapToRegistry uri https://registry.npmjs.org/karma
96 silly mapToRegistry name karma-browserify
97 silly mapToRegistry using default registry
98 silly mapToRegistry registry https://registry.npmjs.org/
99 silly mapToRegistry uri https://registry.npmjs.org/karma-browserify
100 silly mapToRegistry name karma-chrome-launcher
101 silly mapToRegistry using default registry
102 silly mapToRegistry registry https://registry.npmjs.org/
103 silly mapToRegistry uri https://registry.npmjs.org/karma-chrome-launcher
104 silly mapToRegistry name karma-fixture
105 silly mapToRegistry using default registry
106 silly mapToRegistry registry https://registry.npmjs.org/
107 silly mapToRegistry uri https://registry.npmjs.org/karma-fixture
108 silly mapToRegistry name karma-html2js-preprocessor
109 silly mapToRegistry using default registry
110 silly mapToRegistry registry https://registry.npmjs.org/
111 silly mapToRegistry uri https://registry.npmjs.org/karma-html2js-preprocessor
112 silly mapToRegistry name karma-jasmine
113 silly mapToRegistry using default registry
114 silly mapToRegistry registry https://registry.npmjs.org/
115 silly mapToRegistry uri https://registry.npmjs.org/karma-jasmine
116 silly mapToRegistry name karma-jasmine-jquery
117 silly mapToRegistry using default registry
118 silly mapToRegistry registry https://registry.npmjs.org/
119 silly mapToRegistry uri https://registry.npmjs.org/karma-jasmine-jquery
120 silly mapToRegistry name karma-json-fixtures-preprocessor
121 silly mapToRegistry using default registry
122 silly mapToRegistry registry https://registry.npmjs.org/
123 silly mapToRegistry uri https://registry.npmjs.org/karma-json-fixtures-preprocessor
124 silly mapToRegistry name karma-phantomjs-launcher
125 silly mapToRegistry using default registry
126 silly mapToRegistry registry https://registry.npmjs.org/
127 silly mapToRegistry uri https://registry.npmjs.org/karma-phantomjs-launcher
128 silly mapToRegistry name object.assign
129 silly mapToRegistry using default registry
130 silly mapToRegistry registry https://registry.npmjs.org/
131 silly mapToRegistry uri https://registry.npmjs.org/object.assign
132 silly mapToRegistry name urlify
133 silly mapToRegistry using default registry
134 silly mapToRegistry registry https://registry.npmjs.org/
135 silly mapToRegistry uri https://registry.npmjs.org/urlify
136 silly mapToRegistry name vinyl-buffer
137 silly mapToRegistry using default registry
138 silly mapToRegistry registry https://registry.npmjs.org/
139 silly mapToRegistry uri https://registry.npmjs.org/vinyl-buffer
140 silly mapToRegistry name vinyl-source-stream
141 silly mapToRegistry using default registry
142 silly mapToRegistry registry https://registry.npmjs.org/
143 silly mapToRegistry uri https://registry.npmjs.org/vinyl-source-stream
144 verbose request uri https://registry.npmjs.org/nodemon
145 verbose request no auth needed
146 info attempt registry request try #1 at 2:54:34 PM
147 verbose request id 1d42f71b59cbf50c
148 verbose etag "469FCT01Q7X04LT3F3EZYI2C2"
149 http request GET https://registry.npmjs.org/nodemon
150 verbose request uri https://registry.npmjs.org/ejs
151 verbose request no auth needed
152 info attempt registry request try #1 at 2:54:34 PM
153 verbose etag "DTDH5CLNY0NPHXDZ72601SXBI"
154 http request GET https://registry.npmjs.org/ejs
155 verbose request uri https://registry.npmjs.org/mongoose
156 verbose request no auth needed
157 info attempt registry request try #1 at 2:54:34 PM
158 verbose etag "9V45BPKICEELXU0ABTBHOS0NS"
159 http request GET https://registry.npmjs.org/mongoose
160 verbose request uri https://registry.npmjs.org/array.from
161 verbose request no auth needed
162 info attempt registry request try #1 at 2:54:34 PM
163 verbose etag "3Q8O4IARPR9BRU03TFU1PI5CE"
164 http request GET https://registry.npmjs.org/array.from
165 verbose request uri https://registry.npmjs.org/express
166 verbose request no auth needed
167 info attempt registry request try #1 at 2:54:34 PM
168 verbose etag "5A8CEOIALM61Y2KWGYBHP1LS5"
169 http request GET https://registry.npmjs.org/express
170 verbose request uri https://registry.npmjs.org/express-vhost
171 verbose request no auth needed
172 info attempt registry request try #1 at 2:54:34 PM
173 verbose etag "DJV3U8TYCJ50MAF3IWOYDZSV2"
174 http request GET https://registry.npmjs.org/express-vhost
175 verbose request uri https://registry.npmjs.org/forever
176 verbose request no auth needed
177 info attempt registry request try #1 at 2:54:34 PM
178 verbose etag "E4Y2L5368VKQY87949SXZOZIS"
179 http request GET https://registry.npmjs.org/forever
180 verbose request uri https://registry.npmjs.org/babelify
181 verbose request no auth needed
182 info attempt registry request try #1 at 2:54:34 PM
183 verbose etag "7J79K5FV6OKKEV9D2IJ9W178B"
184 http request GET https://registry.npmjs.org/babelify
185 verbose request uri https://registry.npmjs.org/gulp
186 verbose request no auth needed
187 info attempt registry request try #1 at 2:54:34 PM
188 verbose etag "4US8S1FOJNXFK44I9UGM7VTFL"
189 http request GET https://registry.npmjs.org/gulp
190 verbose request uri https://registry.npmjs.org/gulp-autoprefixer
191 verbose request no auth needed
192 info attempt registry request try #1 at 2:54:34 PM
193 verbose etag "2GV2EF8W8FNRI74HV351H6J5A"
194 http request GET https://registry.npmjs.org/gulp-autoprefixer
195 verbose request uri https://registry.npmjs.org/gulp-browserify2
196 verbose request no auth needed
197 info attempt registry request try #1 at 2:54:34 PM
198 verbose etag "2BWXT8HFJKKN9ZEXO66NE3LK5"
199 http request GET https://registry.npmjs.org/gulp-browserify2
200 verbose request uri https://registry.npmjs.org/gulp-jshint
201 verbose request no auth needed
202 info attempt registry request try #1 at 2:54:34 PM
203 verbose etag "B76XH3G56J5HAQXKWH9CHW10"
204 http request GET https://registry.npmjs.org/gulp-jshint
205 verbose request uri https://registry.npmjs.org/gulp-rename
206 verbose request no auth needed
207 info attempt registry request try #1 at 2:54:34 PM
208 verbose etag "8OLVK3EZTYKBJ4JQ8L8Z4UTDC"
209 http request GET https://registry.npmjs.org/gulp-rename
210 verbose request uri https://registry.npmjs.org/gulp-minify-css
211 verbose request no auth needed
212 info attempt registry request try #1 at 2:54:34 PM
213 verbose etag "2G6QJG1BZAGLLZV6BUKLABR1M"
214 http request GET https://registry.npmjs.org/gulp-minify-css
215 verbose request uri https://registry.npmjs.org/gulp-sass
216 verbose request no auth needed
217 info attempt registry request try #1 at 2:54:34 PM
218 verbose etag "31OKELF8GS986JWJQOKY22LK"
219 http request GET https://registry.npmjs.org/gulp-sass
220 verbose request uri https://registry.npmjs.org/browserify
221 verbose request no auth needed
222 info attempt registry request try #1 at 2:54:34 PM
223 verbose etag "3BOGN7KPGXPWB3DYV650ZV43R"
224 http request GET https://registry.npmjs.org/browserify
225 verbose request uri https://registry.npmjs.org/gulp-sourcemaps
226 verbose request no auth needed
227 info attempt registry request try #1 at 2:54:34 PM
228 verbose etag "37S7JD8F2JGEY88XTQKDWH4GL"
229 http request GET https://registry.npmjs.org/gulp-sourcemaps
230 verbose request uri https://registry.npmjs.org/gulp-uglify
231 verbose request no auth needed
232 info attempt registry request try #1 at 2:54:34 PM
233 verbose etag "8IS75B3THTS7LIGF3YD29ZSL4"
234 http request GET https://registry.npmjs.org/gulp-uglify
235 verbose request uri https://registry.npmjs.org/jasmine-core
236 verbose request no auth needed
237 info attempt registry request try #1 at 2:54:34 PM
238 verbose etag "9F907MLSJIRVRWH01MI60GXS"
239 http request GET https://registry.npmjs.org/jasmine-core
240 verbose request uri https://registry.npmjs.org/jasmine-jquery
241 verbose request no auth needed
242 info attempt registry request try #1 at 2:54:34 PM
243 verbose etag "A9Y35YOHBZJ1GAKKO808XJTPR"
244 http request GET https://registry.npmjs.org/jasmine-jquery
245 verbose request uri https://registry.npmjs.org/gulp-util
246 verbose request no auth needed
247 info attempt registry request try #1 at 2:54:34 PM
248 verbose etag "6ZFNWV6GN80AQGUL2ZVONWZL1"
249 http request GET https://registry.npmjs.org/gulp-util
250 verbose request uri https://registry.npmjs.org/es5-ext
251 verbose request no auth needed
252 info attempt registry request try #1 at 2:54:34 PM
253 verbose etag "8HYSK2RE6RLC0GE1ZG6W3RQNE"
254 http request GET https://registry.npmjs.org/es5-ext
255 verbose request uri https://registry.npmjs.org/karma-chrome-launcher
256 verbose request no auth needed
257 info attempt registry request try #1 at 2:54:34 PM
258 verbose etag "AB6DAVF46PUPNUJCW5RX7BKQ1"
259 http request GET https://registry.npmjs.org/karma-chrome-launcher
260 verbose request uri https://registry.npmjs.org/karma-fixture
261 verbose request no auth needed
262 info attempt registry request try #1 at 2:54:34 PM
263 verbose etag "6X10QOEUWRERS02E9CW0GYPOD"
264 http request GET https://registry.npmjs.org/karma-fixture
265 verbose request uri https://registry.npmjs.org/karma-jasmine
266 verbose request no auth needed
267 info attempt registry request try #1 at 2:54:34 PM
268 verbose etag "N3U0Y5TZ8EAAGMTKGI6QJ5OY"
269 http request GET https://registry.npmjs.org/karma-jasmine
270 verbose request uri https://registry.npmjs.org/karma-html2js-preprocessor
271 verbose request no auth needed
272 info attempt registry request try #1 at 2:54:34 PM
273 verbose etag "A6G29KNCT4Z44170ZIK4N61JF"
274 http request GET https://registry.npmjs.org/karma-html2js-preprocessor
275 verbose request uri https://registry.npmjs.org/karma-json-fixtures-preprocessor
276 verbose request no auth needed
277 info attempt registry request try #1 at 2:54:34 PM
278 verbose etag "2K5JS208D1M6JVSKVRCAOJCQM"
279 http request GET https://registry.npmjs.org/karma-json-fixtures-preprocessor
280 verbose request uri https://registry.npmjs.org/karma-jasmine-jquery
281 verbose request no auth needed
282 info attempt registry request try #1 at 2:54:34 PM
283 verbose etag "B4HQF47EURQTZUTTW51L3BW1F"
284 http request GET https://registry.npmjs.org/karma-jasmine-jquery
285 verbose request uri https://registry.npmjs.org/object.assign
286 verbose request no auth needed
287 info attempt registry request try #1 at 2:54:34 PM
288 verbose etag "BQ39TPFGY6XCMEKR8HWGQT5VR"
289 http request GET https://registry.npmjs.org/object.assign
290 verbose request uri https://registry.npmjs.org/karma-phantomjs-launcher
291 verbose request no auth needed
292 info attempt registry request try #1 at 2:54:34 PM
293 verbose etag "EEMNQ435DUKQM829ZBH7CAQUL"
294 http request GET https://registry.npmjs.org/karma-phantomjs-launcher
295 verbose request uri https://registry.npmjs.org/karma-browserify
296 verbose request no auth needed
297 info attempt registry request try #1 at 2:54:34 PM
298 verbose etag "8N17Z1C20SV35LJ9765DTMUBL"
299 http request GET https://registry.npmjs.org/karma-browserify
300 verbose request uri https://registry.npmjs.org/karma
301 verbose request no auth needed
302 info attempt registry request try #1 at 2:54:35 PM
303 verbose etag "EM8XWX9ZS9GF3OWBEM8KGFYAS"
304 http request GET https://registry.npmjs.org/karma
305 verbose request uri https://registry.npmjs.org/urlify
306 verbose request no auth needed
307 info attempt registry request try #1 at 2:54:35 PM
308 verbose etag "EK10YGL1LYM7G696VIHJOU8SR"
309 http request GET https://registry.npmjs.org/urlify
310 verbose request uri https://registry.npmjs.org/vinyl-buffer
311 verbose request no auth needed
312 info attempt registry request try #1 at 2:54:35 PM
313 verbose etag "EKZJTQTSROOP4KVWZI3LP2XFD"
314 http request GET https://registry.npmjs.org/vinyl-buffer
315 verbose request uri https://registry.npmjs.org/vinyl-source-stream
316 verbose request no auth needed
317 info attempt registry request try #1 at 2:54:35 PM
318 verbose etag "JL2BBXZ9TGIT0ULNL2XSY5VI"
319 http request GET https://registry.npmjs.org/vinyl-source-stream
320 http 304 https://registry.npmjs.org/gulp-minify-css
321 verbose headers { date: 'Tue, 20 Oct 2015 20:54:33 GMT',
321 verbose headers   via: '1.1 varnish',
321 verbose headers   'cache-control': 'max-age=60',
321 verbose headers   etag: '"2G6QJG1BZAGLLZV6BUKLABR1M"',
321 verbose headers   age: '47',
321 verbose headers   connection: 'keep-alive',
321 verbose headers   'x-served-by': 'cache-dfw1825-DFW',
321 verbose headers   'x-cache': 'HIT',
321 verbose headers   'x-cache-hits': '2',
321 verbose headers   'x-timer': 'S1445374473.074578,VS0,VE0',
321 verbose headers   vary: 'Accept' }
322 silly get cb [ 304,
322 silly get   { date: 'Tue, 20 Oct 2015 20:54:33 GMT',
322 silly get     via: '1.1 varnish',
322 silly get     'cache-control': 'max-age=60',
322 silly get     etag: '"2G6QJG1BZAGLLZV6BUKLABR1M"',
322 silly get     age: '47',
322 silly get     connection: 'keep-alive',
322 silly get     'x-served-by': 'cache-dfw1825-DFW',
322 silly get     'x-cache': 'HIT',
322 silly get     'x-cache-hits': '2',
322 silly get     'x-timer': 'S1445374473.074578,VS0,VE0',
322 silly get     vary: 'Accept' } ]
323 verbose etag https://registry.npmjs.org/gulp-minify-css from cache
324 verbose get saving gulp-minify-css to C:\Users\Bryce\AppData\Roaming\npm-cache\registry.npmjs.org\gulp-minify-css\.cache.json
325 http 304 https://registry.npmjs.org/nodemon
326 verbose headers { date: 'Tue, 20 Oct 2015 20:54:33 GMT',
326 verbose headers   via: '1.1 varnish',
326 verbose headers   'cache-control': 'max-age=60',
326 verbose headers   etag: '"469FCT01Q7X04LT3F3EZYI2C2"',
326 verbose headers   age: '31',
326 verbose headers   connection: 'keep-alive',
326 verbose headers   'x-served-by': 'cache-dfw1830-DFW',
326 verbose headers   'x-cache': 'HIT',
326 verbose headers   'x-cache-hits': '1',
326 verbose headers   'x-timer': 'S1445374473.074488,VS0,VE1',
326 verbose headers   vary: 'Accept' }
327 silly get cb [ 304,
327 silly get   { date: 'Tue, 20 Oct 2015 20:54:33 GMT',
327 silly get     via: '1.1 varnish',
327 silly get     'cache-control': 'max-age=60',
327 silly get     etag: '"469FCT01Q7X04LT3F3EZYI2C2"',
327 silly get     age: '31',
327 silly get     connection: 'keep-alive',
327 silly get     'x-served-by': 'cache-dfw1830-DFW',
327 silly get     'x-cache': 'HIT',
327 silly get     'x-cache-hits': '1',
327 silly get     'x-timer': 'S1445374473.074488,VS0,VE1',
327 silly get     vary: 'Accept' } ]
328 verbose etag https://registry.npmjs.org/nodemon from cache
329 verbose get saving nodemon to C:\Users\Bryce\AppData\Roaming\npm-cache\registry.npmjs.org\nodemon\.cache.json
330 http 304 https://registry.npmjs.org/jasmine-core
331 verbose headers { date: 'Tue, 20 Oct 2015 20:54:33 GMT',
331 verbose headers   via: '1.1 varnish',
331 verbose headers   'cache-control': 'max-age=60',
331 verbose headers   etag: '"9F907MLSJIRVRWH01MI60GXS"',
331 verbose headers   age: '57',
331 verbose headers   connection: 'keep-alive',
331 verbose headers   'x-served-by': 'cache-dfw1832-DFW',
331 verbose headers   'x-cache': 'HIT',
331 verbose headers   'x-cache-hits': '1',
331 verbose headers   'x-timer': 'S1445374473.075003,VS0,VE0',
331 verbose headers   vary: 'Accept' }
332 silly get cb [ 304,
332 silly get   { date: 'Tue, 20 Oct 2015 20:54:33 GMT',
332 silly get     via: '1.1 varnish',
332 silly get     'cache-control': 'max-age=60',
332 silly get     etag: '"9F907MLSJIRVRWH01MI60GXS"',
332 silly get     age: '57',
332 silly get     connection: 'keep-alive',
332 silly get     'x-served-by': 'cache-dfw1832-DFW',
332 silly get     'x-cache': 'HIT',
332 silly get     'x-cache-hits': '1',
332 silly get     'x-timer': 'S1445374473.075003,VS0,VE0',
332 silly get     vary: 'Accept' } ]
333 verbose etag https://registry.npmjs.org/jasmine-core from cache
334 verbose get saving jasmine-core to C:\Users\Bryce\AppData\Roaming\npm-cache\registry.npmjs.org\jasmine-core\.cache.json
335 http 304 https://registry.npmjs.org/karma-browserify
336 verbose headers { date: 'Tue, 20 Oct 2015 20:54:33 GMT',
336 verbose headers   via: '1.1 varnish',
336 verbose headers   'cache-control': 'max-age=60',
336 verbose headers   etag: '"8N17Z1C20SV35LJ9765DTMUBL"',
336 verbose headers   age: '16',
336 verbose headers   connection: 'keep-alive',
336 verbose headers   'x-served-by': 'cache-dfw1823-DFW',
336 verbose headers   'x-cache': 'HIT',
336 verbose headers   'x-cache-hits': '1',
336 verbose headers   'x-timer': 'S1445374473.077666,VS0,VE0',
336 verbose headers   vary: 'Accept' }
337 silly get cb [ 304,
337 silly get   { date: 'Tue, 20 Oct 2015 20:54:33 GMT',
337 silly get     via: '1.1 varnish',
337 silly get     'cache-control': 'max-age=60',
337 silly get     etag: '"8N17Z1C20SV35LJ9765DTMUBL"',
337 silly get     age: '16',
337 silly get     connection: 'keep-alive',
337 silly get     'x-served-by': 'cache-dfw1823-DFW',
337 silly get     'x-cache': 'HIT',
337 silly get     'x-cache-hits': '1',
337 silly get     'x-timer': 'S1445374473.077666,VS0,VE0',
337 silly get     vary: 'Accept' } ]
338 verbose etag https://registry.npmjs.org/karma-browserify from cache
339 verbose get saving karma-browserify to C:\Users\Bryce\AppData\Roaming\npm-cache\registry.npmjs.org\karma-browserify\.cache.json
340 http 304 https://registry.npmjs.org/karma-chrome-launcher
341 verbose headers { date: 'Tue, 20 Oct 2015 20:54:33 GMT',
341 verbose headers   via: '1.1 varnish',
341 verbose headers   'cache-control': 'max-age=60',
341 verbose headers   etag: '"AB6DAVF46PUPNUJCW5RX7BKQ1"',
341 verbose headers   age: '46',
341 verbose headers   connection: 'keep-alive',
341 verbose headers   'x-served-by': 'cache-dfw1824-DFW',
341 verbose headers   'x-cache': 'HIT',
341 verbose headers   'x-cache-hits': '2',
341 verbose headers   'x-timer': 'S1445374473.080395,VS0,VE0',
341 verbose headers   vary: 'Accept' }
342 silly get cb [ 304,
342 silly get   { date: 'Tue, 20 Oct 2015 20:54:33 GMT',
342 silly get     via: '1.1 varnish',
342 silly get     'cache-control': 'max-age=60',
342 silly get     etag: '"AB6DAVF46PUPNUJCW5RX7BKQ1"',
342 silly get     age: '46',
342 silly get     connection: 'keep-alive',
342 silly get     'x-served-by': 'cache-dfw1824-DFW',
342 silly get     'x-cache': 'HIT',
342 silly get     'x-cache-hits': '2',
342 silly get     'x-timer': 'S1445374473.080395,VS0,VE0',
342 silly get     vary: 'Accept' } ]
343 verbose etag https://registry.npmjs.org/karma-chrome-launcher from cache
344 verbose get saving karma-chrome-launcher to C:\Users\Bryce\AppData\Roaming\npm-cache\registry.npmjs.org\karma-chrome-launcher\.cache.json
345 http 304 https://registry.npmjs.org/karma-phantomjs-launcher
346 verbose headers { date: 'Tue, 20 Oct 2015 20:54:33 GMT',
346 verbose headers   via: '1.1 varnish',
346 verbose headers   'cache-control': 'max-age=60',
346 verbose headers   etag: '"EEMNQ435DUKQM829ZBH7CAQUL"',
346 verbose headers   age: '34',
346 verbose headers   connection: 'keep-alive',
346 verbose headers   'x-served-by': 'cache-dfw1831-DFW',
346 verbose headers   'x-cache': 'HIT',
346 verbose headers   'x-cache-hits': '2',
346 verbose headers   'x-timer': 'S1445374473.080396,VS0,VE0',
346 verbose headers   vary: 'Accept' }
347 silly get cb [ 304,
347 silly get   { date: 'Tue, 20 Oct 2015 20:54:33 GMT',
347 silly get     via: '1.1 varnish',
347 silly get     'cache-control': 'max-age=60',
347 silly get     etag: '"EEMNQ435DUKQM829ZBH7CAQUL"',
347 silly get     age: '34',
347 silly get     connection: 'keep-alive',
347 silly get     'x-served-by': 'cache-dfw1831-DFW',
347 silly get     'x-cache': 'HIT',
347 silly get     'x-cache-hits': '2',
347 silly get     'x-timer': 'S1445374473.080396,VS0,VE0',
347 silly get     vary: 'Accept' } ]
348 verbose etag https://registry.npmjs.org/karma-phantomjs-launcher from cache
349 verbose get saving karma-phantomjs-launcher to C:\Users\Bryce\AppData\Roaming\npm-cache\registry.npmjs.org\karma-phantomjs-launcher\.cache.json
350 http 304 https://registry.npmjs.org/gulp-autoprefixer
351 verbose headers { date: 'Tue, 20 Oct 2015 20:54:33 GMT',
351 verbose headers   via: '1.1 varnish',
351 verbose headers   'cache-control': 'max-age=60',
351 verbose headers   etag: '"2GV2EF8W8FNRI74HV351H6J5A"',
351 verbose headers   age: '9',
351 verbose headers   connection: 'keep-alive',
351 verbose headers   'x-served-by': 'cache-dfw1830-DFW',
351 verbose headers   'x-cache': 'HIT',
351 verbose headers   'x-cache-hits': '2',
351 verbose headers   'x-timer': 'S1445374473.082774,VS0,VE0',
351 verbose headers   vary: 'Accept' }
352 silly get cb [ 304,
352 silly get   { date: 'Tue, 20 Oct 2015 20:54:33 GMT',
352 silly get     via: '1.1 varnish',
352 silly get     'cache-control': 'max-age=60',
352 silly get     etag: '"2GV2EF8W8FNRI74HV351H6J5A"',
352 silly get     age: '9',
352 silly get     connection: 'keep-alive',
352 silly get     'x-served-by': 'cache-dfw1830-DFW',
352 silly get     'x-cache': 'HIT',
352 silly get     'x-cache-hits': '2',
352 silly get     'x-timer': 'S1445374473.082774,VS0,VE0',
352 silly get     vary: 'Accept' } ]
353 verbose etag https://registry.npmjs.org/gulp-autoprefixer from cache
354 verbose get saving gulp-autoprefixer to C:\Users\Bryce\AppData\Roaming\npm-cache\registry.npmjs.org\gulp-autoprefixer\.cache.json
355 http 304 https://registry.npmjs.org/karma
356 verbose headers { date: 'Tue, 20 Oct 2015 20:54:33 GMT',
356 verbose headers   via: '1.1 varnish',
356 verbose headers   'cache-control': 'max-age=60',
356 verbose headers   etag: '"EM8XWX9ZS9GF3OWBEM8KGFYAS"',
356 verbose headers   age: '45',
356 verbose headers   connection: 'keep-alive',
356 verbose headers   'x-served-by': 'cache-dfw1828-DFW',
356 verbose headers   'x-cache': 'HIT',
356 verbose headers   'x-cache-hits': '1',
356 verbose headers   'x-timer': 'S1445374473.077565,VS0,VE4',
356 verbose headers   vary: 'Accept' }
357 silly get cb [ 304,
357 silly get   { date: 'Tue, 20 Oct 2015 20:54:33 GMT',
357 silly get     via: '1.1 varnish',
357 silly get     'cache-control': 'max-age=60',
357 silly get     etag: '"EM8XWX9ZS9GF3OWBEM8KGFYAS"',
357 silly get     age: '45',
357 silly get     connection: 'keep-alive',
357 silly get     'x-served-by': 'cache-dfw1828-DFW',
357 silly get     'x-cache': 'HIT',
357 silly get     'x-cache-hits': '1',
357 silly get     'x-timer': 'S1445374473.077565,VS0,VE4',
357 silly get     vary: 'Accept' } ]
358 verbose etag https://registry.npmjs.org/karma from cache
359 verbose get saving karma to C:\Users\Bryce\AppData\Roaming\npm-cache\registry.npmjs.org\karma\.cache.json
360 http 304 https://registry.npmjs.org/es5-ext
361 verbose headers { date: 'Tue, 20 Oct 2015 20:54:33 GMT',
361 verbose headers   via: '1.1 varnish',
361 verbose headers   'cache-control': 'max-age=60',
361 verbose headers   etag: '"8HYSK2RE6RLC0GE1ZG6W3RQNE"',
361 verbose headers   age: '27',
361 verbose headers   connection: 'keep-alive',
361 verbose headers   'x-served-by': 'cache-dfw1831-DFW',
361 verbose headers   'x-cache': 'HIT',
361 verbose headers   'x-cache-hits': '2',
361 verbose headers   'x-timer': 'S1445374473.087375,VS0,VE0',
361 verbose headers   vary: 'Accept' }
362 silly get cb [ 304,
362 silly get   { date: 'Tue, 20 Oct 2015 20:54:33 GMT',
362 silly get     via: '1.1 varnish',
362 silly get     'cache-control': 'max-age=60',
362 silly get     etag: '"8HYSK2RE6RLC0GE1ZG6W3RQNE"',
362 silly get     age: '27',
362 silly get     connection: 'keep-alive',
362 silly get     'x-served-by': 'cache-dfw1831-DFW',
362 silly get     'x-cache': 'HIT',
362 silly get     'x-cache-hits': '2',
362 silly get     'x-timer': 'S1445374473.087375,VS0,VE0',
362 silly get     vary: 'Accept' } ]
363 verbose etag https://registry.npmjs.org/es5-ext from cache
364 verbose get saving es5-ext to C:\Users\Bryce\AppData\Roaming\npm-cache\registry.npmjs.org\es5-ext\.cache.json
365 http 304 https://registry.npmjs.org/ejs
366 verbose headers { date: 'Tue, 20 Oct 2015 20:54:33 GMT',
366 verbose headers   via: '1.1 varnish',
366 verbose headers   'cache-control': 'max-age=60',
366 verbose headers   etag: '"DTDH5CLNY0NPHXDZ72601SXBI"',
366 verbose headers   age: '56',
366 verbose headers   connection: 'keep-alive',
366 verbose headers   'x-served-by': 'cache-ord1726-ORD',
366 verbose headers   'x-cache': 'HIT',
366 verbose headers   'x-cache-hits': '1',
366 verbose headers   'x-timer': 'S1445374473.088854,VS0,VE0',
366 verbose headers   vary: 'Accept' }
367 silly get cb [ 304,
367 silly get   { date: 'Tue, 20 Oct 2015 20:54:33 GMT',
367 silly get     via: '1.1 varnish',
367 silly get     'cache-control': 'max-age=60',
367 silly get     etag: '"DTDH5CLNY0NPHXDZ72601SXBI"',
367 silly get     age: '56',
367 silly get     connection: 'keep-alive',
367 silly get     'x-served-by': 'cache-ord1726-ORD',
367 silly get     'x-cache': 'HIT',
367 silly get     'x-cache-hits': '1',
367 silly get     'x-timer': 'S1445374473.088854,VS0,VE0',
367 silly get     vary: 'Accept' } ]
368 verbose etag https://registry.npmjs.org/ejs from cache
369 verbose get saving ejs to C:\Users\Bryce\AppData\Roaming\npm-cache\registry.npmjs.org\ejs\.cache.json
370 http 304 https://registry.npmjs.org/karma-jasmine
371 verbose headers { date: 'Tue, 20 Oct 2015 20:54:33 GMT',
371 verbose headers   via: '1.1 varnish',
371 verbose headers   'cache-control': 'max-age=60',
371 verbose headers   etag: '"N3U0Y5TZ8EAAGMTKGI6QJ5OY"',
371 verbose headers   age: '35',
371 verbose headers   connection: 'keep-alive',
371 verbose headers   'x-served-by': 'cache-dfw1824-DFW',
371 verbose headers   'x-cache': 'HIT',
371 verbose headers   'x-cache-hits': '2',
371 verbose headers   'x-timer': 'S1445374473.098859,VS0,VE0',
371 verbose headers   vary: 'Accept' }
372 silly get cb [ 304,
372 silly get   { date: 'Tue, 20 Oct 2015 20:54:33 GMT',
372 silly get     via: '1.1 varnish',
372 silly get     'cache-control': 'max-age=60',
372 silly get     etag: '"N3U0Y5TZ8EAAGMTKGI6QJ5OY"',
372 silly get     age: '35',
372 silly get     connection: 'keep-alive',
372 silly get     'x-served-by': 'cache-dfw1824-DFW',
372 silly get     'x-cache': 'HIT',
372 silly get     'x-cache-hits': '2',
372 silly get     'x-timer': 'S1445374473.098859,VS0,VE0',
372 silly get     vary: 'Accept' } ]
373 verbose etag https://registry.npmjs.org/karma-jasmine from cache
374 verbose get saving karma-jasmine to C:\Users\Bryce\AppData\Roaming\npm-cache\registry.npmjs.org\karma-jasmine\.cache.json
375 http 304 https://registry.npmjs.org/gulp-util
376 verbose headers { date: 'Tue, 20 Oct 2015 20:54:33 GMT',
376 verbose headers   via: '1.1 varnish',
376 verbose headers   'cache-control': 'max-age=60',
376 verbose headers   etag: '"6ZFNWV6GN80AQGUL2ZVONWZL1"',
376 verbose headers   age: '15',
376 verbose headers   connection: 'keep-alive',
376 verbose headers   'x-served-by': 'cache-dfw1827-DFW',
376 verbose headers   'x-cache': 'HIT',
376 verbose headers   'x-cache-hits': '1',
376 verbose headers   'x-timer': 'S1445374473.108614,VS0,VE0',
376 verbose headers   vary: 'Accept' }
377 silly get cb [ 304,
377 silly get   { date: 'Tue, 20 Oct 2015 20:54:33 GMT',
377 silly get     via: '1.1 varnish',
377 silly get     'cache-control': 'max-age=60',
377 silly get     etag: '"6ZFNWV6GN80AQGUL2ZVONWZL1"',
377 silly get     age: '15',
377 silly get     connection: 'keep-alive',
377 silly get     'x-served-by': 'cache-dfw1827-DFW',
377 silly get     'x-cache': 'HIT',
377 silly get     'x-cache-hits': '1',
377 silly get     'x-timer': 'S1445374473.108614,VS0,VE0',
377 silly get     vary: 'Accept' } ]
378 verbose etag https://registry.npmjs.org/gulp-util from cache
379 verbose get saving gulp-util to C:\Users\Bryce\AppData\Roaming\npm-cache\registry.npmjs.org\gulp-util\.cache.json
380 http 200 https://registry.npmjs.org/gulp-rename
381 verbose headers { server: 'CouchDB/1.5.0 (Erlang OTP/R16B03)',
381 verbose headers   etag: '"94WS8Q39C2QD8WER9ZRECL2OC"',
381 verbose headers   'content-type': 'application/json',
381 verbose headers   'cache-control': 'max-age=60',
381 verbose headers   'content-length': '13035',
381 verbose headers   'accept-ranges': 'bytes',
381 verbose headers   date: 'Tue, 20 Oct 2015 20:54:33 GMT',
381 verbose headers   via: '1.1 varnish',
381 verbose headers   age: '34',
381 verbose headers   connection: 'keep-alive',
381 verbose headers   'x-served-by': 'cache-dfw1828-DFW',
381 verbose headers   'x-cache': 'HIT',
381 verbose headers   'x-cache-hits': '2',
381 verbose headers   'x-timer': 'S1445374473.077534,VS0,VE0',
381 verbose headers   vary: 'Accept' }
382 silly get cb [ 200,
382 silly get   { server: 'CouchDB/1.5.0 (Erlang OTP/R16B03)',
382 silly get     etag: '"94WS8Q39C2QD8WER9ZRECL2OC"',
382 silly get     'content-type': 'application/json',
382 silly get     'cache-control': 'max-age=60',
382 silly get     'content-length': '13035',
382 silly get     'accept-ranges': 'bytes',
382 silly get     date: 'Tue, 20 Oct 2015 20:54:33 GMT',
382 silly get     via: '1.1 varnish',
382 silly get     age: '34',
382 silly get     connection: 'keep-alive',
382 silly get     'x-served-by': 'cache-dfw1828-DFW',
382 silly get     'x-cache': 'HIT',
382 silly get     'x-cache-hits': '2',
382 silly get     'x-timer': 'S1445374473.077534,VS0,VE0',
382 silly get     vary: 'Accept' } ]
383 verbose get saving gulp-rename to C:\Users\Bryce\AppData\Roaming\npm-cache\registry.npmjs.org\gulp-rename\.cache.json
384 http 304 https://registry.npmjs.org/babelify
385 verbose headers { date: 'Tue, 20 Oct 2015 20:54:33 GMT',
385 verbose headers   via: '1.1 varnish',
385 verbose headers   'cache-control': 'max-age=60',
385 verbose headers   etag: '"7J79K5FV6OKKEV9D2IJ9W178B"',
385 verbose headers   age: '0',
385 verbose headers   connection: 'keep-alive',
385 verbose headers   'x-served-by': 'cache-dfw1827-DFW',
385 verbose headers   'x-cache': 'HIT',
385 verbose headers   'x-cache-hits': '1',
385 verbose headers   'x-timer': 'S1445374473.078972,VS0,VE45',
385 verbose headers   vary: 'Accept' }
386 silly get cb [ 304,
386 silly get   { date: 'Tue, 20 Oct 2015 20:54:33 GMT',
386 silly get     via: '1.1 varnish',
386 silly get     'cache-control': 'max-age=60',
386 silly get     etag: '"7J79K5FV6OKKEV9D2IJ9W178B"',
386 silly get     age: '0',
386 silly get     connection: 'keep-alive',
386 silly get     'x-served-by': 'cache-dfw1827-DFW',
386 silly get     'x-cache': 'HIT',
386 silly get     'x-cache-hits': '1',
386 silly get     'x-timer': 'S1445374473.078972,VS0,VE45',
386 silly get     vary: 'Accept' } ]
387 verbose etag https://registry.npmjs.org/babelify from cache
388 verbose get saving babelify to C:\Users\Bryce\AppData\Roaming\npm-cache\registry.npmjs.org\babelify\.cache.json
389 http 200 https://registry.npmjs.org/gulp-sass
390 verbose headers { server: 'CouchDB/1.5.0 (Erlang OTP/R16B03)',
390 verbose headers   etag: '"500A5M8QNDPU0HJ0I2FG8QTI4"',
390 verbose headers   'content-type': 'application/json',
390 verbose headers   'cache-control': 'max-age=60',
390 verbose headers   'content-length': '41410',
390 verbose headers   'accept-ranges': 'bytes',
390 verbose headers   date: 'Tue, 20 Oct 2015 20:54:33 GMT',
390 verbose headers   via: '1.1 varnish',
390 verbose headers   age: '9',
390 verbose headers   connection: 'keep-alive',
390 verbose headers   'x-served-by': 'cache-dfw1835-DFW',
390 verbose headers   'x-cache': 'HIT',
390 verbose headers   'x-cache-hits': '1',
390 verbose headers   'x-timer': 'S1445374473.074527,VS0,VE2',
390 verbose headers   vary: 'Accept' }
391 silly get cb [ 200,
391 silly get   { server: 'CouchDB/1.5.0 (Erlang OTP/R16B03)',
391 silly get     etag: '"500A5M8QNDPU0HJ0I2FG8QTI4"',
391 silly get     'content-type': 'application/json',
391 silly get     'cache-control': 'max-age=60',
391 silly get     'content-length': '41410',
391 silly get     'accept-ranges': 'bytes',
391 silly get     date: 'Tue, 20 Oct 2015 20:54:33 GMT',
391 silly get     via: '1.1 varnish',
391 silly get     age: '9',
391 silly get     connection: 'keep-alive',
391 silly get     'x-served-by': 'cache-dfw1835-DFW',
391 silly get     'x-cache': 'HIT',
391 silly get     'x-cache-hits': '1',
391 silly get     'x-timer': 'S1445374473.074527,VS0,VE2',
391 silly get     vary: 'Accept' } ]
392 verbose get saving gulp-sass to C:\Users\Bryce\AppData\Roaming\npm-cache\registry.npmjs.org\gulp-sass\.cache.json
393 http 304 https://registry.npmjs.org/karma-json-fixtures-preprocessor
394 verbose headers { date: 'Tue, 20 Oct 2015 20:54:33 GMT',
394 verbose headers   via: '1.1 varnish',
394 verbose headers   'cache-control': 'max-age=60',
394 verbose headers   etag: '"2K5JS208D1M6JVSKVRCAOJCQM"',
394 verbose headers   age: '0',
394 verbose headers   connection: 'keep-alive',
394 verbose headers   'x-served-by': 'cache-dfw1825-DFW',
394 verbose headers   'x-cache': 'MISS',
394 verbose headers   'x-cache-hits': '0',
394 verbose headers   'x-timer': 'S1445374473.079476,VS0,VE52',
394 verbose headers   vary: 'Accept' }
395 silly get cb [ 304,
395 silly get   { date: 'Tue, 20 Oct 2015 20:54:33 GMT',
395 silly get     via: '1.1 varnish',
395 silly get     'cache-control': 'max-age=60',
395 silly get     etag: '"2K5JS208D1M6JVSKVRCAOJCQM"',
395 silly get     age: '0',
395 silly get     connection: 'keep-alive',
395 silly get     'x-served-by': 'cache-dfw1825-DFW',
395 silly get     'x-cache': 'MISS',
395 silly get     'x-cache-hits': '0',
395 silly get     'x-timer': 'S1445374473.079476,VS0,VE52',
395 silly get     vary: 'Accept' } ]
396 verbose etag https://registry.npmjs.org/karma-json-fixtures-preprocessor from cache
397 verbose get saving karma-json-fixtures-preprocessor to C:\Users\Bryce\AppData\Roaming\npm-cache\registry.npmjs.org\karma-json-fixtures-preprocessor\.cache.json
398 http 304 https://registry.npmjs.org/express-vhost
399 verbose headers { date: 'Tue, 20 Oct 2015 20:54:33 GMT',
399 verbose headers   via: '1.1 varnish',
399 verbose headers   'cache-control': 'max-age=60',
399 verbose headers   etag: '"DJV3U8TYCJ50MAF3IWOYDZSV2"',
399 verbose headers   age: '0',
399 verbose headers   connection: 'keep-alive',
399 verbose headers   'x-served-by': 'cache-dfw1830-DFW',
399 verbose headers   'x-cache': 'MISS',
399 verbose headers   'x-cache-hits': '0',
399 verbose headers   'x-timer': 'S1445374473.080819,VS0,VE53',
399 verbose headers   vary: 'Accept' }
400 silly get cb [ 304,
400 silly get   { date: 'Tue, 20 Oct 2015 20:54:33 GMT',
400 silly get     via: '1.1 varnish',
400 silly get     'cache-control': 'max-age=60',
400 silly get     etag: '"DJV3U8TYCJ50MAF3IWOYDZSV2"',
400 silly get     age: '0',
400 silly get     connection: 'keep-alive',
400 silly get     'x-served-by': 'cache-dfw1830-DFW',
400 silly get     'x-cache': 'MISS',
400 silly get     'x-cache-hits': '0',
400 silly get     'x-timer': 'S1445374473.080819,VS0,VE53',
400 silly get     vary: 'Accept' } ]
401 verbose etag https://registry.npmjs.org/express-vhost from cache
402 verbose get saving express-vhost to C:\Users\Bryce\AppData\Roaming\npm-cache\registry.npmjs.org\express-vhost\.cache.json
403 http 304 https://registry.npmjs.org/array.from
404 verbose headers { date: 'Tue, 20 Oct 2015 20:54:33 GMT',
404 verbose headers   via: '1.1 varnish',
404 verbose headers   'cache-control': 'max-age=60',
404 verbose headers   etag: '"3Q8O4IARPR9BRU03TFU1PI5CE"',
404 verbose headers   age: '0',
404 verbose headers   connection: 'keep-alive',
404 verbose headers   'x-served-by': 'cache-dfw1827-DFW',
404 verbose headers   'x-cache': 'MISS',
404 verbose headers   'x-cache-hits': '0',
404 verbose headers   'x-timer': 'S1445374473.096601,VS0,VE47',
404 verbose headers   vary: 'Accept' }
405 silly get cb [ 304,
405 silly get   { date: 'Tue, 20 Oct 2015 20:54:33 GMT',
405 silly get     via: '1.1 varnish',
405 silly get     'cache-control': 'max-age=60',
405 silly get     etag: '"3Q8O4IARPR9BRU03TFU1PI5CE"',
405 silly get     age: '0',
405 silly get     connection: 'keep-alive',
405 silly get     'x-served-by': 'cache-dfw1827-DFW',
405 silly get     'x-cache': 'MISS',
405 silly get     'x-cache-hits': '0',
405 silly get     'x-timer': 'S1445374473.096601,VS0,VE47',
405 silly get     vary: 'Accept' } ]
406 verbose etag https://registry.npmjs.org/array.from from cache
407 verbose get saving array.from to C:\Users\Bryce\AppData\Roaming\npm-cache\registry.npmjs.org\array.from\.cache.json
408 http 304 https://registry.npmjs.org/jasmine-jquery
409 verbose headers { date: 'Tue, 20 Oct 2015 20:54:33 GMT',
409 verbose headers   via: '1.1 varnish',
409 verbose headers   'cache-control': 'max-age=60',
409 verbose headers   etag: '"A9Y35YOHBZJ1GAKKO808XJTPR"',
409 verbose headers   age: '0',
409 verbose headers   connection: 'keep-alive',
409 verbose headers   'x-served-by': 'cache-dfw1828-DFW',
409 verbose headers   'x-cache': 'HIT',
409 verbose headers   'x-cache-hits': '1',
409 verbose headers   'x-timer': 'S1445374473.077607,VS0,VE66',
409 verbose headers   vary: 'Accept' }
410 silly get cb [ 304,
410 silly get   { date: 'Tue, 20 Oct 2015 20:54:33 GMT',
410 silly get     via: '1.1 varnish',
410 silly get     'cache-control': 'max-age=60',
410 silly get     etag: '"A9Y35YOHBZJ1GAKKO808XJTPR"',
410 silly get     age: '0',
410 silly get     connection: 'keep-alive',
410 silly get     'x-served-by': 'cache-dfw1828-DFW',
410 silly get     'x-cache': 'HIT',
410 silly get     'x-cache-hits': '1',
410 silly get     'x-timer': 'S1445374473.077607,VS0,VE66',
410 silly get     vary: 'Accept' } ]
411 verbose etag https://registry.npmjs.org/jasmine-jquery from cache
412 verbose get saving jasmine-jquery to C:\Users\Bryce\AppData\Roaming\npm-cache\registry.npmjs.org\jasmine-jquery\.cache.json
413 http 304 https://registry.npmjs.org/gulp-jshint
414 verbose headers { date: 'Tue, 20 Oct 2015 20:54:33 GMT',
414 verbose headers   via: '1.1 varnish',
414 verbose headers   'cache-control': 'max-age=60',
414 verbose headers   etag: '"B76XH3G56J5HAQXKWH9CHW10"',
414 verbose headers   age: '0',
414 verbose headers   connection: 'keep-alive',
414 verbose headers   'x-served-by': 'cache-dfw1823-DFW',
414 verbose headers   'x-cache': 'HIT',
414 verbose headers   'x-cache-hits': '1',
414 verbose headers   'x-timer': 'S1445374473.077860,VS0,VE68',
414 verbose headers   vary: 'Accept' }
415 silly get cb [ 304,
415 silly get   { date: 'Tue, 20 Oct 2015 20:54:33 GMT',
415 silly get     via: '1.1 varnish',
415 silly get     'cache-control': 'max-age=60',
415 silly get     etag: '"B76XH3G56J5HAQXKWH9CHW10"',
415 silly get     age: '0',
415 silly get     connection: 'keep-alive',
415 silly get     'x-served-by': 'cache-dfw1823-DFW',
415 silly get     'x-cache': 'HIT',
415 silly get     'x-cache-hits': '1',
415 silly get     'x-timer': 'S1445374473.077860,VS0,VE68',
415 silly get     vary: 'Accept' } ]
416 verbose etag https://registry.npmjs.org/gulp-jshint from cache
417 verbose get saving gulp-jshint to C:\Users\Bryce\AppData\Roaming\npm-cache\registry.npmjs.org\gulp-jshint\.cache.json
418 http 304 https://registry.npmjs.org/mongoose
419 verbose headers { date: 'Tue, 20 Oct 2015 20:54:33 GMT',
419 verbose headers   via: '1.1 varnish',
419 verbose headers   'cache-control': 'max-age=60',
419 verbose headers   etag: '"9V45BPKICEELXU0ABTBHOS0NS"',
419 verbose headers   age: '0',
419 verbose headers   connection: 'keep-alive',
419 verbose headers   'x-served-by': 'cache-dfw1823-DFW',
419 verbose headers   'x-cache': 'HIT',
419 verbose headers   'x-cache-hits': '1',
419 verbose headers   'x-timer': 'S1445374473.073032,VS0,VE73',
419 verbose headers   vary: 'Accept' }
420 silly get cb [ 304,
420 silly get   { date: 'Tue, 20 Oct 2015 20:54:33 GMT',
420 silly get     via: '1.1 varnish',
420 silly get     'cache-control': 'max-age=60',
420 silly get     etag: '"9V45BPKICEELXU0ABTBHOS0NS"',
420 silly get     age: '0',
420 silly get     connection: 'keep-alive',
420 silly get     'x-served-by': 'cache-dfw1823-DFW',
420 silly get     'x-cache': 'HIT',
420 silly get     'x-cache-hits': '1',
420 silly get     'x-timer': 'S1445374473.073032,VS0,VE73',
420 silly get     vary: 'Accept' } ]
421 verbose etag https://registry.npmjs.org/mongoose from cache
422 verbose get saving mongoose to C:\Users\Bryce\AppData\Roaming\npm-cache\registry.npmjs.org\mongoose\.cache.json
423 http 304 https://registry.npmjs.org/karma-jasmine-jquery
424 verbose headers { date: 'Tue, 20 Oct 2015 20:54:33 GMT',
424 verbose headers   via: '1.1 varnish',
424 verbose headers   'cache-control': 'max-age=60',
424 verbose headers   etag: '"B4HQF47EURQTZUTTW51L3BW1F"',
424 verbose headers   age: '0',
424 verbose headers   connection: 'keep-alive',
424 verbose headers   'x-served-by': 'cache-dfw1832-DFW',
424 verbose headers   'x-cache': 'HIT',
424 verbose headers   'x-cache-hits': '1',
424 verbose headers   'x-timer': 'S1445374473.079348,VS0,VE67',
424 verbose headers   vary: 'Accept' }
425 silly get cb [ 304,
425 silly get   { date: 'Tue, 20 Oct 2015 20:54:33 GMT',
425 silly get     via: '1.1 varnish',
425 silly get     'cache-control': 'max-age=60',
425 silly get     etag: '"B4HQF47EURQTZUTTW51L3BW1F"',
425 silly get     age: '0',
425 silly get     connection: 'keep-alive',
425 silly get     'x-served-by': 'cache-dfw1832-DFW',
425 silly get     'x-cache': 'HIT',
425 silly get     'x-cache-hits': '1',
425 silly get     'x-timer': 'S1445374473.079348,VS0,VE67',
425 silly get     vary: 'Accept' } ]
426 verbose etag https://registry.npmjs.org/karma-jasmine-jquery from cache
427 verbose get saving karma-jasmine-jquery to C:\Users\Bryce\AppData\Roaming\npm-cache\registry.npmjs.org\karma-jasmine-jquery\.cache.json
428 http 304 https://registry.npmjs.org/object.assign
429 verbose headers { date: 'Tue, 20 Oct 2015 20:54:33 GMT',
429 verbose headers   via: '1.1 varnish',
429 verbose headers   'cache-control': 'max-age=60',
429 verbose headers   etag: '"BQ39TPFGY6XCMEKR8HWGQT5VR"',
429 verbose headers   age: '0',
429 verbose headers   connection: 'keep-alive',
429 verbose headers   'x-served-by': 'cache-dfw1827-DFW',
429 verbose headers   'x-cache': 'MISS',
429 verbose headers   'x-cache-hits': '0',
429 verbose headers   'x-timer': 'S1445374473.085496,VS0,VE69',
429 verbose headers   vary: 'Accept' }
430 silly get cb [ 304,
430 silly get   { date: 'Tue, 20 Oct 2015 20:54:33 GMT',
430 silly get     via: '1.1 varnish',
430 silly get     'cache-control': 'max-age=60',
430 silly get     etag: '"BQ39TPFGY6XCMEKR8HWGQT5VR"',
430 silly get     age: '0',
430 silly get     connection: 'keep-alive',
430 silly get     'x-served-by': 'cache-dfw1827-DFW',
430 silly get     'x-cache': 'MISS',
430 silly get     'x-cache-hits': '0',
430 silly get     'x-timer': 'S1445374473.085496,VS0,VE69',
430 silly get     vary: 'Accept' } ]
431 verbose etag https://registry.npmjs.org/object.assign from cache
432 verbose get saving object.assign to C:\Users\Bryce\AppData\Roaming\npm-cache\registry.npmjs.org\object.assign\.cache.json
433 http 304 https://registry.npmjs.org/gulp-browserify2
434 verbose headers { date: 'Tue, 20 Oct 2015 20:54:33 GMT',
434 verbose headers   via: '1.1 varnish',
434 verbose headers   'cache-control': 'max-age=60',
434 verbose headers   etag: '"2BWXT8HFJKKN9ZEXO66NE3LK5"',
434 verbose headers   age: '0',
434 verbose headers   connection: 'keep-alive',
434 verbose headers   'x-served-by': 'cache-dfw1823-DFW',
434 verbose headers   'x-cache': 'MISS',
434 verbose headers   'x-cache-hits': '0',
434 verbose headers   'x-timer': 'S1445374473.078314,VS0,VE71',
434 verbose headers   vary: 'Accept' }
435 silly get cb [ 304,
435 silly get   { date: 'Tue, 20 Oct 2015 20:54:33 GMT',
435 silly get     via: '1.1 varnish',
435 silly get     'cache-control': 'max-age=60',
435 silly get     etag: '"2BWXT8HFJKKN9ZEXO66NE3LK5"',
435 silly get     age: '0',
435 silly get     connection: 'keep-alive',
435 silly get     'x-served-by': 'cache-dfw1823-DFW',
435 silly get     'x-cache': 'MISS',
435 silly get     'x-cache-hits': '0',
435 silly get     'x-timer': 'S1445374473.078314,VS0,VE71',
435 silly get     vary: 'Accept' } ]
436 verbose etag https://registry.npmjs.org/gulp-browserify2 from cache
437 verbose get saving gulp-browserify2 to C:\Users\Bryce\AppData\Roaming\npm-cache\registry.npmjs.org\gulp-browserify2\.cache.json
438 http 304 https://registry.npmjs.org/vinyl-buffer
439 verbose headers { date: 'Tue, 20 Oct 2015 20:54:33 GMT',
439 verbose headers   via: '1.1 varnish',
439 verbose headers   'cache-control': 'max-age=60',
439 verbose headers   etag: '"EKZJTQTSROOP4KVWZI3LP2XFD"',
439 verbose headers   age: '0',
439 verbose headers   connection: 'keep-alive',
439 verbose headers   'x-served-by': 'cache-dfw1828-DFW',
439 verbose headers   'x-cache': 'HIT',
439 verbose headers   'x-cache-hits': '1',
439 verbose headers   'x-timer': 'S1445374473.084070,VS0,VE67',
439 verbose headers   vary: 'Accept' }
440 silly get cb [ 304,
440 silly get   { date: 'Tue, 20 Oct 2015 20:54:33 GMT',
440 silly get     via: '1.1 varnish',
440 silly get     'cache-control': 'max-age=60',
440 silly get     etag: '"EKZJTQTSROOP4KVWZI3LP2XFD"',
440 silly get     age: '0',
440 silly get     connection: 'keep-alive',
440 silly get     'x-served-by': 'cache-dfw1828-DFW',
440 silly get     'x-cache': 'HIT',
440 silly get     'x-cache-hits': '1',
440 silly get     'x-timer': 'S1445374473.084070,VS0,VE67',
440 silly get     vary: 'Accept' } ]
441 verbose etag https://registry.npmjs.org/vinyl-buffer from cache
442 verbose get saving vinyl-buffer to C:\Users\Bryce\AppData\Roaming\npm-cache\registry.npmjs.org\vinyl-buffer\.cache.json
443 http 304 https://registry.npmjs.org/karma-html2js-preprocessor
444 verbose headers { date: 'Tue, 20 Oct 2015 20:54:33 GMT',
444 verbose headers   via: '1.1 varnish',
444 verbose headers   'cache-control': 'max-age=60',
444 verbose headers   etag: '"A6G29KNCT4Z44170ZIK4N61JF"',
444 verbose headers   age: '0',
444 verbose headers   connection: 'keep-alive',
444 verbose headers   'x-served-by': 'cache-dfw1833-DFW',
444 verbose headers   'x-cache': 'HIT',
444 verbose headers   'x-cache-hits': '1',
444 verbose headers   'x-timer': 'S1445374473.082444,VS0,VE70',
444 verbose headers   vary: 'Accept' }
445 silly get cb [ 304,
445 silly get   { date: 'Tue, 20 Oct 2015 20:54:33 GMT',
445 silly get     via: '1.1 varnish',
445 silly get     'cache-control': 'max-age=60',
445 silly get     etag: '"A6G29KNCT4Z44170ZIK4N61JF"',
445 silly get     age: '0',
445 silly get     connection: 'keep-alive',
445 silly get     'x-served-by': 'cache-dfw1833-DFW',
445 silly get     'x-cache': 'HIT',
445 silly get     'x-cache-hits': '1',
445 silly get     'x-timer': 'S1445374473.082444,VS0,VE70',
445 silly get     vary: 'Accept' } ]
446 verbose etag https://registry.npmjs.org/karma-html2js-preprocessor from cache
447 verbose get saving karma-html2js-preprocessor to C:\Users\Bryce\AppData\Roaming\npm-cache\registry.npmjs.org\karma-html2js-preprocessor\.cache.json
448 http 304 https://registry.npmjs.org/urlify
449 verbose headers { date: 'Tue, 20 Oct 2015 20:54:33 GMT',
449 verbose headers   via: '1.1 varnish',
449 verbose headers   'cache-control': 'max-age=60',
449 verbose headers   etag: '"EK10YGL1LYM7G696VIHJOU8SR"',
449 verbose headers   age: '0',
449 verbose headers   connection: 'keep-alive',
449 verbose headers   'x-served-by': 'cache-dfw1826-DFW',
449 verbose headers   'x-cache': 'MISS',
449 verbose headers   'x-cache-hits': '0',
449 verbose headers   'x-timer': 'S1445374473.099286,VS0,VE130',
449 verbose headers   vary: 'Accept' }
450 silly get cb [ 304,
450 silly get   { date: 'Tue, 20 Oct 2015 20:54:33 GMT',
450 silly get     via: '1.1 varnish',
450 silly get     'cache-control': 'max-age=60',
450 silly get     etag: '"EK10YGL1LYM7G696VIHJOU8SR"',
450 silly get     age: '0',
450 silly get     connection: 'keep-alive',
450 silly get     'x-served-by': 'cache-dfw1826-DFW',
450 silly get     'x-cache': 'MISS',
450 silly get     'x-cache-hits': '0',
450 silly get     'x-timer': 'S1445374473.099286,VS0,VE130',
450 silly get     vary: 'Accept' } ]
451 verbose etag https://registry.npmjs.org/urlify from cache
452 verbose get saving urlify to C:\Users\Bryce\AppData\Roaming\npm-cache\registry.npmjs.org\urlify\.cache.json
453 http 304 https://registry.npmjs.org/karma-fixture
454 verbose headers { date: 'Tue, 20 Oct 2015 20:54:33 GMT',
454 verbose headers   via: '1.1 varnish',
454 verbose headers   'cache-control': 'max-age=60',
454 verbose headers   etag: '"6X10QOEUWRERS02E9CW0GYPOD"',
454 verbose headers   age: '0',
454 verbose headers   connection: 'keep-alive',
454 verbose headers   'x-served-by': 'cache-dfw1826-DFW',
454 verbose headers   'x-cache': 'HIT',
454 verbose headers   'x-cache-hits': '1',
454 verbose headers   'x-timer': 'S1445374473.087221,VS0,VE189',
454 verbose headers   vary: 'Accept' }
455 silly get cb [ 304,
455 silly get   { date: 'Tue, 20 Oct 2015 20:54:33 GMT',
455 silly get     via: '1.1 varnish',
455 silly get     'cache-control': 'max-age=60',
455 silly get     etag: '"6X10QOEUWRERS02E9CW0GYPOD"',
455 silly get     age: '0',
455 silly get     connection: 'keep-alive',
455 silly get     'x-served-by': 'cache-dfw1826-DFW',
455 silly get     'x-cache': 'HIT',
455 silly get     'x-cache-hits': '1',
455 silly get     'x-timer': 'S1445374473.087221,VS0,VE189',
455 silly get     vary: 'Accept' } ]
456 verbose etag https://registry.npmjs.org/karma-fixture from cache
457 verbose get saving karma-fixture to C:\Users\Bryce\AppData\Roaming\npm-cache\registry.npmjs.org\karma-fixture\.cache.json
458 http 200 https://registry.npmjs.org/gulp
459 verbose headers { server: 'CouchDB/1.5.0 (Erlang OTP/R16B03)',
459 verbose headers   etag: '"1DSMEN1FVZETRKZ5L8D4JG40U"',
459 verbose headers   'content-type': 'application/json',
459 verbose headers   'cache-control': 'max-age=60',
459 verbose headers   'content-length': '107218',
459 verbose headers   'accept-ranges': 'bytes',
459 verbose headers   date: 'Tue, 20 Oct 2015 20:54:33 GMT',
459 verbose headers   via: '1.1 varnish',
459 verbose headers   age: '0',
459 verbose headers   connection: 'keep-alive',
459 verbose headers   'x-served-by': 'cache-dfw1825-DFW',
459 verbose headers   'x-cache': 'HIT',
459 verbose headers   'x-cache-hits': '1',
459 verbose headers   'x-timer': 'S1445374473.078457,VS0,VE72',
459 verbose headers   vary: 'Accept' }
460 silly get cb [ 200,
460 silly get   { server: 'CouchDB/1.5.0 (Erlang OTP/R16B03)',
460 silly get     etag: '"1DSMEN1FVZETRKZ5L8D4JG40U"',
460 silly get     'content-type': 'application/json',
460 silly get     'cache-control': 'max-age=60',
460 silly get     'content-length': '107218',
460 silly get     'accept-ranges': 'bytes',
460 silly get     date: 'Tue, 20 Oct 2015 20:54:33 GMT',
460 silly get     via: '1.1 varnish',
460 silly get     age: '0',
460 silly get     connection: 'keep-alive',
460 silly get     'x-served-by': 'cache-dfw1825-DFW',
460 silly get     'x-cache': 'HIT',
460 silly get     'x-cache-hits': '1',
460 silly get     'x-timer': 'S1445374473.078457,VS0,VE72',
460 silly get     vary: 'Accept' } ]
461 verbose get saving gulp to C:\Users\Bryce\AppData\Roaming\npm-cache\registry.npmjs.org\gulp\.cache.json
462 http 200 https://registry.npmjs.org/gulp-uglify
463 verbose headers { server: 'CouchDB/1.5.0 (Erlang OTP/R16B03)',
463 verbose headers   etag: '"8JN5K7P0SXQ4NCE6VZ03QWQ7M"',
463 verbose headers   'content-type': 'application/json',
463 verbose headers   'cache-control': 'max-age=60',
463 verbose headers   'content-length': '34469',
463 verbose headers   'accept-ranges': 'bytes',
463 verbose headers   date: 'Tue, 20 Oct 2015 20:54:33 GMT',
463 verbose headers   via: '1.1 varnish',
463 verbose headers   age: '0',
463 verbose headers   connection: 'keep-alive',
463 verbose headers   'x-served-by': 'cache-dfw1835-DFW',
463 verbose headers   'x-cache': 'HIT',
463 verbose headers   'x-cache-hits': '1',
463 verbose headers   'x-timer': 'S1445374473.081700,VS0,VE186',
463 verbose headers   vary: 'Accept' }
464 silly get cb [ 200,
464 silly get   { server: 'CouchDB/1.5.0 (Erlang OTP/R16B03)',
464 silly get     etag: '"8JN5K7P0SXQ4NCE6VZ03QWQ7M"',
464 silly get     'content-type': 'application/json',
464 silly get     'cache-control': 'max-age=60',
464 silly get     'content-length': '34469',
464 silly get     'accept-ranges': 'bytes',
464 silly get     date: 'Tue, 20 Oct 2015 20:54:33 GMT',
464 silly get     via: '1.1 varnish',
464 silly get     age: '0',
464 silly get     connection: 'keep-alive',
464 silly get     'x-served-by': 'cache-dfw1835-DFW',
464 silly get     'x-cache': 'HIT',
464 silly get     'x-cache-hits': '1',
464 silly get     'x-timer': 'S1445374473.081700,VS0,VE186',
464 silly get     vary: 'Accept' } ]
465 verbose get saving gulp-uglify to C:\Users\Bryce\AppData\Roaming\npm-cache\registry.npmjs.org\gulp-uglify\.cache.json
466 http 304 https://registry.npmjs.org/forever
467 verbose headers { date: 'Tue, 20 Oct 2015 20:54:33 GMT',
467 verbose headers   via: '1.1 varnish',
467 verbose headers   'cache-control': 'max-age=60',
467 verbose headers   etag: '"E4Y2L5368VKQY87949SXZOZIS"',
467 verbose headers   age: '0',
467 verbose headers   connection: 'keep-alive',
467 verbose headers   'x-served-by': 'cache-dfw1823-DFW',
467 verbose headers   'x-cache': 'HIT',
467 verbose headers   'x-cache-hits': '1',
467 verbose headers   'x-timer': 'S1445374473.072276,VS0,VE274',
467 verbose headers   vary: 'Accept' }
468 silly get cb [ 304,
468 silly get   { date: 'Tue, 20 Oct 2015 20:54:33 GMT',
468 silly get     via: '1.1 varnish',
468 silly get     'cache-control': 'max-age=60',
468 silly get     etag: '"E4Y2L5368VKQY87949SXZOZIS"',
468 silly get     age: '0',
468 silly get     connection: 'keep-alive',
468 silly get     'x-served-by': 'cache-dfw1823-DFW',
468 silly get     'x-cache': 'HIT',
468 silly get     'x-cache-hits': '1',
468 silly get     'x-timer': 'S1445374473.072276,VS0,VE274',
468 silly get     vary: 'Accept' } ]
469 verbose etag https://registry.npmjs.org/forever from cache
470 verbose get saving forever to C:\Users\Bryce\AppData\Roaming\npm-cache\registry.npmjs.org\forever\.cache.json
471 http 304 https://registry.npmjs.org/vinyl-source-stream
472 verbose headers { date: 'Tue, 20 Oct 2015 20:54:33 GMT',
472 verbose headers   via: '1.1 varnish',
472 verbose headers   'cache-control': 'max-age=60',
472 verbose headers   etag: '"JL2BBXZ9TGIT0ULNL2XSY5VI"',
472 verbose headers   age: '0',
472 verbose headers   connection: 'keep-alive',
472 verbose headers   'x-served-by': 'cache-dfw1835-DFW',
472 verbose headers   'x-cache': 'HIT',
472 verbose headers   'x-cache-hits': '1',
472 verbose headers   'x-timer': 'S1445374473.086778,VS0,VE266',
472 verbose headers   vary: 'Accept' }
473 silly get cb [ 304,
473 silly get   { date: 'Tue, 20 Oct 2015 20:54:33 GMT',
473 silly get     via: '1.1 varnish',
473 silly get     'cache-control': 'max-age=60',
473 silly get     etag: '"JL2BBXZ9TGIT0ULNL2XSY5VI"',
473 silly get     age: '0',
473 silly get     connection: 'keep-alive',
473 silly get     'x-served-by': 'cache-dfw1835-DFW',
473 silly get     'x-cache': 'HIT',
473 silly get     'x-cache-hits': '1',
473 silly get     'x-timer': 'S1445374473.086778,VS0,VE266',
473 silly get     vary: 'Accept' } ]
474 verbose etag https://registry.npmjs.org/vinyl-source-stream from cache
475 verbose get saving vinyl-source-stream to C:\Users\Bryce\AppData\Roaming\npm-cache\registry.npmjs.org\vinyl-source-stream\.cache.json
476 http 200 https://registry.npmjs.org/gulp-sourcemaps
477 verbose headers { server: 'CouchDB/1.5.0 (Erlang OTP/R16B03)',
477 verbose headers   etag: '"CBI33LAZXPBLJW73MRYAZQANV"',
477 verbose headers   'content-type': 'application/json',
477 verbose headers   'cache-control': 'max-age=60',
477 verbose headers   'content-length': '57813',
477 verbose headers   'accept-ranges': 'bytes',
477 verbose headers   date: 'Tue, 20 Oct 2015 20:54:33 GMT',
477 verbose headers   via: '1.1 varnish',
477 verbose headers   age: '0',
477 verbose headers   connection: 'keep-alive',
477 verbose headers   'x-served-by': 'cache-dfw1821-DFW',
477 verbose headers   'x-cache': 'HIT',
477 verbose headers   'x-cache-hits': '1',
477 verbose headers   'x-timer': 'S1445374473.078040,VS0,VE194',
477 verbose headers   vary: 'Accept' }
478 silly get cb [ 200,
478 silly get   { server: 'CouchDB/1.5.0 (Erlang OTP/R16B03)',
478 silly get     etag: '"CBI33LAZXPBLJW73MRYAZQANV"',
478 silly get     'content-type': 'application/json',
478 silly get     'cache-control': 'max-age=60',
478 silly get     'content-length': '57813',
478 silly get     'accept-ranges': 'bytes',
478 silly get     date: 'Tue, 20 Oct 2015 20:54:33 GMT',
478 silly get     via: '1.1 varnish',
478 silly get     age: '0',
478 silly get     connection: 'keep-alive',
478 silly get     'x-served-by': 'cache-dfw1821-DFW',
478 silly get     'x-cache': 'HIT',
478 silly get     'x-cache-hits': '1',
478 silly get     'x-timer': 'S1445374473.078040,VS0,VE194',
478 silly get     vary: 'Accept' } ]
479 verbose get saving gulp-sourcemaps to C:\Users\Bryce\AppData\Roaming\npm-cache\registry.npmjs.org\gulp-sourcemaps\.cache.json
480 http 200 https://registry.npmjs.org/browserify
481 verbose headers { server: 'CouchDB/1.5.0 (Erlang OTP/R16B03)',
481 verbose headers   etag: '"3QK2CC3NTT1P08NSM7MTST29V"',
481 verbose headers   'content-type': 'application/json',
481 verbose headers   'cache-control': 'max-age=60',
481 verbose headers   'content-length': '844014',
481 verbose headers   'accept-ranges': 'bytes',
481 verbose headers   date: 'Tue, 20 Oct 2015 20:54:33 GMT',
481 verbose headers   via: '1.1 varnish',
481 verbose headers   age: '16',
481 verbose headers   connection: 'keep-alive',
481 verbose headers   'x-served-by': 'cache-dfw1827-DFW',
481 verbose headers   'x-cache': 'HIT',
481 verbose headers   'x-cache-hits': '2',
481 verbose headers   'x-timer': 'S1445374473.092184,VS0,VE0',
481 verbose headers   vary: 'Accept' }
482 silly get cb [ 200,
482 silly get   { server: 'CouchDB/1.5.0 (Erlang OTP/R16B03)',
482 silly get     etag: '"3QK2CC3NTT1P08NSM7MTST29V"',
482 silly get     'content-type': 'application/json',
482 silly get     'cache-control': 'max-age=60',
482 silly get     'content-length': '844014',
482 silly get     'accept-ranges': 'bytes',
482 silly get     date: 'Tue, 20 Oct 2015 20:54:33 GMT',
482 silly get     via: '1.1 varnish',
482 silly get     age: '16',
482 silly get     connection: 'keep-alive',
482 silly get     'x-served-by': 'cache-dfw1827-DFW',
482 silly get     'x-cache': 'HIT',
482 silly get     'x-cache-hits': '2',
482 silly get     'x-timer': 'S1445374473.092184,VS0,VE0',
482 silly get     vary: 'Accept' } ]
483 verbose get saving browserify to C:\Users\Bryce\AppData\Roaming\npm-cache\registry.npmjs.org\browserify\.cache.json
484 http 200 https://registry.npmjs.org/express
485 verbose headers { server: 'CouchDB/1.5.0 (Erlang OTP/R16B03)',
485 verbose headers   etag: '"1DU8E009YO7S6QZ95RVDWOZ1L"',
485 verbose headers   'content-type': 'application/json',
485 verbose headers   'cache-control': 'max-age=60',
485 verbose headers   'content-length': '527719',
485 verbose headers   'accept-ranges': 'bytes',
485 verbose headers   date: 'Tue, 20 Oct 2015 20:54:33 GMT',
485 verbose headers   via: '1.1 varnish',
485 verbose headers   age: '5',
485 verbose headers   connection: 'keep-alive',
485 verbose headers   'x-served-by': 'cache-dfw1826-DFW',
485 verbose headers   'x-cache': 'HIT',
485 verbose headers   'x-cache-hits': '1',
485 verbose headers   'x-timer': 'S1445374473.075489,VS0,VE3',
485 verbose headers   vary: 'Accept' }
486 silly get cb [ 200,
486 silly get   { server: 'CouchDB/1.5.0 (Erlang OTP/R16B03)',
486 silly get     etag: '"1DU8E009YO7S6QZ95RVDWOZ1L"',
486 silly get     'content-type': 'application/json',
486 silly get     'cache-control': 'max-age=60',
486 silly get     'content-length': '527719',
486 silly get     'accept-ranges': 'bytes',
486 silly get     date: 'Tue, 20 Oct 2015 20:54:33 GMT',
486 silly get     via: '1.1 varnish',
486 silly get     age: '5',
486 silly get     connection: 'keep-alive',
486 silly get     'x-served-by': 'cache-dfw1826-DFW',
486 silly get     'x-cache': 'HIT',
486 silly get     'x-cache-hits': '1',
486 silly get     'x-timer': 'S1445374473.075489,VS0,VE3',
486 silly get     vary: 'Accept' } ]
487 verbose get saving express to C:\Users\Bryce\AppData\Roaming\npm-cache\registry.npmjs.org\express\.cache.json
488 verbose outdated not updating karma-phantomjs-launcher because it's currently at the maximum version that matches its specified semver range
489 verbose outdated not updating karma-chrome-launcher because it's currently at the maximum version that matches its specified semver range
490 verbose outdated not updating gulp-autoprefixer because it's currently at the maximum version that matches its specified semver range
491 verbose outdated not updating karma because it's currently at the maximum version that matches its specified semver range
492 verbose outdated not updating gulp-sass because it's currently at the maximum version that matches its specified semver range
493 verbose outdated not updating karma-json-fixtures-preprocessor because it's currently at the maximum version that matches its specified semver range
494 verbose outdated not updating mongoose because it's currently at the maximum version that matches its specified semver range
495 verbose outdated not updating object.assign because it's currently at the maximum version that matches its specified semver range
496 verbose outdated not updating forever because it's currently at the maximum version that matches its specified semver range
497 verbose outdated not updating browserify because it's currently at the maximum version that matches its specified semver range
498 verbose outdated not updating express because it's currently at the maximum version that matches its specified semver range
499 info outdated updating [ [ 'C:\\Users\\Bryce\\Software Development\\huge\\es6nm',
499 info outdated     'karma-jasmine-jquery',
499 info outdated     undefined,
499 info outdated     '0.1.1',
499 info outdated     '0.1.1',
499 info outdated     '^0.1.1' ] ]
500 verbose install where, what [ 'C:\\Users\\Bryce\\Software Development\\huge\\es6nm',
500 verbose install   [ 'karma-jasmine-jquery@0.1.1' ] ]
501 verbose install initial load of C:\Users\Bryce\Software Development\huge\es6nm\package.json
502 verbose installManyTop reading scoped package data from C:\Users\Bryce\Software Development\huge\es6nm\node_modules\array.from\package.json
503 verbose installManyTop reading scoped package data from C:\Users\Bryce\Software Development\huge\es6nm\node_modules\babelify\package.json
504 verbose installManyTop reading scoped package data from C:\Users\Bryce\Software Development\huge\es6nm\node_modules\browserify\package.json
505 verbose installManyTop reading scoped package data from C:\Users\Bryce\Software Development\huge\es6nm\node_modules\ejs\package.json
506 verbose installManyTop reading scoped package data from C:\Users\Bryce\Software Development\huge\es6nm\node_modules\es5-ext\package.json
507 verbose installManyTop reading scoped package data from C:\Users\Bryce\Software Development\huge\es6nm\node_modules\express\package.json
508 verbose installManyTop reading scoped package data from C:\Users\Bryce\Software Development\huge\es6nm\node_modules\express-vhost\package.json
509 verbose installManyTop reading scoped package data from C:\Users\Bryce\Software Development\huge\es6nm\node_modules\forever\package.json
510 verbose installManyTop reading scoped package data from C:\Users\Bryce\Software Development\huge\es6nm\node_modules\gulp\package.json
511 verbose installManyTop reading scoped package data from C:\Users\Bryce\Software Development\huge\es6nm\node_modules\gulp-autoprefixer\package.json
512 verbose installManyTop reading scoped package data from C:\Users\Bryce\Software Development\huge\es6nm\node_modules\gulp-browserify2\package.json
513 verbose installManyTop reading scoped package data from C:\Users\Bryce\Software Development\huge\es6nm\node_modules\gulp-jshint\package.json
514 verbose installManyTop reading scoped package data from C:\Users\Bryce\Software Development\huge\es6nm\node_modules\gulp-minify-css\package.json
515 verbose installManyTop reading scoped package data from C:\Users\Bryce\Software Development\huge\es6nm\node_modules\gulp-rename\package.json
516 verbose installManyTop reading scoped package data from C:\Users\Bryce\Software Development\huge\es6nm\node_modules\gulp-sass\package.json
517 verbose installManyTop reading scoped package data from C:\Users\Bryce\Software Development\huge\es6nm\node_modules\gulp-sourcemaps\package.json
518 verbose installManyTop reading scoped package data from C:\Users\Bryce\Software Development\huge\es6nm\node_modules\gulp-uglify\package.json
519 verbose installManyTop reading scoped package data from C:\Users\Bryce\Software Development\huge\es6nm\node_modules\gulp-util\package.json
520 verbose installManyTop reading scoped package data from C:\Users\Bryce\Software Development\huge\es6nm\node_modules\jasmine-core\package.json
521 verbose installManyTop reading scoped package data from C:\Users\Bryce\Software Development\huge\es6nm\node_modules\jasmine-jquery\package.json
522 verbose installManyTop reading scoped package data from C:\Users\Bryce\Software Development\huge\es6nm\node_modules\karma\package.json
523 verbose installManyTop reading scoped package data from C:\Users\Bryce\Software Development\huge\es6nm\node_modules\karma-browserify\package.json
524 verbose installManyTop reading scoped package data from C:\Users\Bryce\Software Development\huge\es6nm\node_modules\karma-chrome-launcher\package.json
525 verbose installManyTop reading scoped package data from C:\Users\Bryce\Software Development\huge\es6nm\node_modules\karma-fixture\package.json
526 verbose installManyTop reading scoped package data from C:\Users\Bryce\Software Development\huge\es6nm\node_modules\karma-html2js-preprocessor\package.json
527 verbose installManyTop reading scoped package data from C:\Users\Bryce\Software Development\huge\es6nm\node_modules\karma-jasmine\package.json
528 verbose installManyTop reading scoped package data from C:\Users\Bryce\Software Development\huge\es6nm\node_modules\karma-json-fixtures-preprocessor\package.json
529 verbose installManyTop reading scoped package data from C:\Users\Bryce\Software Development\huge\es6nm\node_modules\karma-phantomjs-launcher\package.json
530 verbose installManyTop reading scoped package data from C:\Users\Bryce\Software Development\huge\es6nm\node_modules\mongoose\package.json
531 verbose installManyTop reading scoped package data from C:\Users\Bryce\Software Development\huge\es6nm\node_modules\nodemon\package.json
532 verbose installManyTop reading scoped package data from C:\Users\Bryce\Software Development\huge\es6nm\node_modules\object.assign\package.json
533 verbose installManyTop reading scoped package data from C:\Users\Bryce\Software Development\huge\es6nm\node_modules\urlify\package.json
534 verbose installManyTop reading scoped package data from C:\Users\Bryce\Software Development\huge\es6nm\node_modules\vinyl-buffer\package.json
535 verbose installManyTop reading scoped package data from C:\Users\Bryce\Software Development\huge\es6nm\node_modules\vinyl-source-stream\package.json
536 verbose readDependencies loading dependencies from C:\Users\Bryce\Software Development\huge\es6nm\package.json
537 silly cache add args [ 'karma-jasmine-jquery@0.1.1', null ]
538 verbose cache add spec karma-jasmine-jquery@0.1.1
539 silly cache add parsed spec Result {
539 silly cache add   raw: 'karma-jasmine-jquery@0.1.1',
539 silly cache add   scope: null,
539 silly cache add   name: 'karma-jasmine-jquery',
539 silly cache add   rawSpec: '0.1.1',
539 silly cache add   spec: '0.1.1',
539 silly cache add   type: 'version' }
540 silly addNamed karma-jasmine-jquery@0.1.1
541 verbose addNamed "0.1.1" is a plain semver version for karma-jasmine-jquery
542 silly mapToRegistry name karma-jasmine-jquery
543 silly mapToRegistry using default registry
544 silly mapToRegistry registry https://registry.npmjs.org/
545 silly mapToRegistry uri https://registry.npmjs.org/karma-jasmine-jquery
546 verbose addNameVersion registry:https://registry.npmjs.org/karma-jasmine-jquery not in flight; fetching
547 verbose get https://registry.npmjs.org/karma-jasmine-jquery not expired, no request
548 silly cache afterAdd karma-jasmine-jquery@0.1.1
549 verbose afterAdd C:\Users\Bryce\AppData\Roaming\npm-cache\karma-jasmine-jquery\0.1.1\package\package.json not in flight; writing
550 verbose afterAdd C:\Users\Bryce\AppData\Roaming\npm-cache\karma-jasmine-jquery\0.1.1\package\package.json written
551 silly install resolved [ { name: 'karma-jasmine-jquery',
551 silly install resolved     version: '0.1.1',
551 silly install resolved     description: 'Jasmine-jquery plugin for Jasmine in karma',
551 silly install resolved     main: 'lib/index.js',
551 silly install resolved     scripts:
551 silly install resolved      { test: 'echo "Error: no test specified" && exit 1',
551 silly install resolved        postinstall: 'node install.js' },
551 silly install resolved     repository:
551 silly install resolved      { type: 'git',
551 silly install resolved        url: 'git+https://github.com/bessdsv/karma-jasmine-jquery.git' },
551 silly install resolved     keywords:
551 silly install resolved      [ 'karma',
551 silly install resolved        'jasmine',
551 silly install resolved        'jquery',
551 silly install resolved        'karma-plugin',
551 silly install resolved        'karma-jasmine',
551 silly install resolved        'karma-framework',
551 silly install resolved        'jasmine-jquery',
551 silly install resolved        'jasmine-plugin' ],
551 silly install resolved     author: { name: 'Sergey Dolinkov' },
551 silly install resolved     license: 'BSD',
551 silly install resolved     bugs: { url: 'https://github.com/bessdsv/karma-jasmine-jquery/issues' },
551 silly install resolved     homepage: 'https://github.com/bessdsv/karma-jasmine-jquery',
551 silly install resolved     dependencies:
551 silly install resolved      { bower: '^1.3.9',
551 silly install resolved        'bower-installer': 'git://github.com/bessdsv/bower-installer.git#temp' },
551 silly install resolved     _id: 'karma-jasmine-jquery@0.1.1',
551 silly install resolved     _shasum: '89c1b754fea4125b1f893821392c11b9ce5d7456',
551 silly install resolved     _from: 'karma-jasmine-jquery@0.1.1',
551 silly install resolved     _npmVersion: '1.4.14',
551 silly install resolved     _npmUser: { name: 'bessdsv', email: 'bessdsv@mail.ru' },
551 silly install resolved     maintainers: [ [Object] ],
551 silly install resolved     dist:
551 silly install resolved      { shasum: '89c1b754fea4125b1f893821392c11b9ce5d7456',
551 silly install resolved        tarball: 'http://registry.npmjs.org/karma-jasmine-jquery/-/karma-jasmine-jquery-0.1.1.tgz' },
551 silly install resolved     directories: {},
551 silly install resolved     _resolved: 'https://registry.npmjs.org/karma-jasmine-jquery/-/karma-jasmine-jquery-0.1.1.tgz',
551 silly install resolved     readme: 'ERROR: No README data found!' } ]
552 info install karma-jasmine-jquery@0.1.1 into C:\Users\Bryce\Software Development\huge\es6nm
553 info installOne karma-jasmine-jquery@0.1.1
554 verbose installOne of karma-jasmine-jquery to C:\Users\Bryce\Software Development\huge\es6nm not in flight; installing
555 verbose lock using C:\Users\Bryce\AppData\Roaming\npm-cache\_locks\karma-jasmine-jquery-dbfb8bd836affba5.lock for C:\Users\Bryce\Software Development\huge\es6nm\node_modules\karma-jasmine-jquery
556 silly install write writing karma-jasmine-jquery 0.1.1 to C:\Users\Bryce\Software Development\huge\es6nm\node_modules\karma-jasmine-jquery
557 verbose unbuild node_modules\karma-jasmine-jquery
558 silly gentlyRm C:\Users\Bryce\Software Development\huge\es6nm\node_modules\karma-jasmine-jquery is being purged from base C:\Users\Bryce\Software Development\huge\es6nm
559 verbose gentlyRm don't care about contents; nuking C:\Users\Bryce\Software Development\huge\es6nm\node_modules\karma-jasmine-jquery
560 verbose tar unpack C:\Users\Bryce\AppData\Roaming\npm-cache\karma-jasmine-jquery\0.1.1\package.tgz
561 verbose tar unpacking to C:\Users\Bryce\Software Development\huge\es6nm\node_modules\karma-jasmine-jquery
562 silly gentlyRm C:\Users\Bryce\Software Development\huge\es6nm\node_modules\karma-jasmine-jquery is being purged
563 verbose gentlyRm don't care about contents; nuking C:\Users\Bryce\Software Development\huge\es6nm\node_modules\karma-jasmine-jquery
564 silly gunzTarPerm modes [ '777', '666' ]
565 silly gunzTarPerm extractEntry package.json
566 silly gunzTarPerm extractEntry .npmignore
567 silly gunzTarPerm extractEntry README.md
568 silly gunzTarPerm extractEntry install.js
569 silly gunzTarPerm extractEntry bower.json
570 silly gunzTarPerm extractEntry lib/index.js
571 silly gunzTarPerm extractEntry lib/jasmine-jquery.js
572 silly gunzTarPerm extractEntry lib/jqueryForJasmineJqueryPlugin.js
573 silly gunzTarPerm extractEntry lib/saveCurrentJquery.js
574 silly gunzTarPerm extractEntry lib/setJqueryForJasminJqueryPlugin.js
575 silly gunzTarPerm extractEntry scripts/JasmineJqueryPluginPostInstallScript.js
576 verbose write writing to C:\Users\Bryce\Software Development\huge\es6nm\node_modules\karma-jasmine-jquery\package.json
577 info preinstall karma-jasmine-jquery@0.1.1
578 verbose readDependencies loading dependencies from C:\Users\Bryce\Software Development\huge\es6nm\node_modules\karma-jasmine-jquery\package.json
579 silly prepareForInstallMany adding bower@^1.3.9 from karma-jasmine-jquery dependencies
580 silly prepareForInstallMany adding bower-installer@git://github.com/bessdsv/bower-installer.git#temp from karma-jasmine-jquery dependencies
581 verbose readDependencies loading dependencies from C:\Users\Bryce\Software Development\huge\es6nm\node_modules\karma-jasmine-jquery\package.json
582 silly cache add args [ 'bower-installer@git://github.com/bessdsv/bower-installer.git#temp',
582 silly cache add   null ]
583 verbose cache add spec bower-installer@git://github.com/bessdsv/bower-installer.git#temp
584 silly cache add args [ 'bower@^1.3.9', null ]
585 verbose cache add spec bower@^1.3.9
586 silly cache add parsed spec Result {
586 silly cache add   raw: 'bower@^1.3.9',
586 silly cache add   scope: null,
586 silly cache add   name: 'bower',
586 silly cache add   rawSpec: '^1.3.9',
586 silly cache add   spec: '>=1.3.9 <2.0.0',
586 silly cache add   type: 'range' }
587 silly addNamed bower@>=1.3.9 <2.0.0
588 verbose addNamed ">=1.3.9 <2.0.0" is a valid semver range for bower
589 silly addNameRange { name: 'bower', range: '>=1.3.9 <2.0.0', hasData: false }
590 silly mapToRegistry name bower
591 silly mapToRegistry using default registry
592 silly mapToRegistry registry https://registry.npmjs.org/
593 silly mapToRegistry uri https://registry.npmjs.org/bower
594 verbose addNameRange registry:https://registry.npmjs.org/bower not in flight; fetching
595 silly cache add parsed spec Result {
595 silly cache add   raw: 'bower-installer@git://github.com/bessdsv/bower-installer.git#temp',
595 silly cache add   scope: null,
595 silly cache add   name: 'bower-installer',
595 silly cache add   rawSpec: 'git://github.com/bessdsv/bower-installer.git#temp',
595 silly cache add   spec: 'git://github.com/bessdsv/bower-installer.git#temp',
595 silly cache add   type: 'hosted',
595 silly cache add   hosted:
595 silly cache add    { type: 'github',
595 silly cache add      ssh: 'git@github.com:bessdsv/bower-installer.git#temp',
595 silly cache add      sshUrl: 'git+ssh://git@github.com/bessdsv/bower-installer.git#temp',
595 silly cache add      httpsUrl: 'git+https://github.com/bessdsv/bower-installer.git#temp',
595 silly cache add      gitUrl: 'git://github.com/bessdsv/bower-installer.git#temp',
595 silly cache add      shortcut: 'github:bessdsv/bower-installer#temp',
595 silly cache add      directUrl: 'https://raw.githubusercontent.com/bessdsv/bower-installer/temp/package.json' } }
596 verbose addRemoteGit caching git://github.com/bessdsv/bower-installer.git#temp
597 verbose addRemoteGit git://github.com/bessdsv/bower-installer.git#temp is a repository hosted by github
598 silly tryClone cloning git://github.com/bessdsv/bower-installer.git#temp via git://github.com/bessdsv/bower-installer.git#temp
599 verbose tryClone git-github-com-bessdsv-bower-installer-git-8c0433f6 not in flight; caching
600 verbose request uri https://registry.npmjs.org/bower
601 verbose request no auth needed
602 info attempt registry request try #1 at 2:54:35 PM
603 verbose etag "2SHCY448UNTIGQLC27IBCEXU0"
604 http request GET https://registry.npmjs.org/bower
605 warn addRemoteGit Error: not found: git
605 warn addRemoteGit     at F (C:\Program Files\nodejs\node_modules\npm\node_modules\which\which.js:73:28)
605 warn addRemoteGit     at E (C:\Program Files\nodejs\node_modules\npm\node_modules\which\which.js:76:29)
605 warn addRemoteGit     at C:\Program Files\nodejs\node_modules\npm\node_modules\which\which.js:84:16
605 warn addRemoteGit     at FSReqWrap.oncomplete (fs.js:82:15)
605 warn addRemoteGit  git://github.com/bessdsv/bower-installer.git#temp resetting remote C:\Users\Bryce\AppData\Roaming\npm-cache\_git-remotes\git-github-com-bessdsv-bower-installer-git-8c0433f6 because of error: { [Error: not found: git] code: 'ENOGIT' }
606 info resetRemote resetting C:\Users\Bryce\AppData\Roaming\npm-cache\_git-remotes\git-github-com-bessdsv-bower-installer-git-8c0433f6 for git://github.com/bessdsv/bower-installer.git#temp
607 silly gentlyRm C:\Users\Bryce\AppData\Roaming\npm-cache\_git-remotes\git-github-com-bessdsv-bower-installer-git-8c0433f6 is being purged
608 verbose gentlyRm don't care about contents; nuking C:\Users\Bryce\AppData\Roaming\npm-cache\_git-remotes\git-github-com-bessdsv-bower-installer-git-8c0433f6
609 http 304 https://registry.npmjs.org/bower
610 verbose headers { date: 'Tue, 20 Oct 2015 20:54:33 GMT',
610 verbose headers   via: '1.1 varnish',
610 verbose headers   'cache-control': 'max-age=60',
610 verbose headers   etag: '"2SHCY448UNTIGQLC27IBCEXU0"',
610 verbose headers   age: '58',
610 verbose headers   connection: 'keep-alive',
610 verbose headers   'x-served-by': 'cache-dfw1835-DFW',
610 verbose headers   'x-cache': 'HIT',
610 verbose headers   'x-cache-hits': '1',
610 verbose headers   'x-timer': 'S1445374473.871066,VS0,VE0',
610 verbose headers   vary: 'Accept' }
611 silly get cb [ 304,
611 silly get   { date: 'Tue, 20 Oct 2015 20:54:33 GMT',
611 silly get     via: '1.1 varnish',
611 silly get     'cache-control': 'max-age=60',
611 silly get     etag: '"2SHCY448UNTIGQLC27IBCEXU0"',
611 silly get     age: '58',
611 silly get     connection: 'keep-alive',
611 silly get     'x-served-by': 'cache-dfw1835-DFW',
611 silly get     'x-cache': 'HIT',
611 silly get     'x-cache-hits': '1',
611 silly get     'x-timer': 'S1445374473.871066,VS0,VE0',
611 silly get     vary: 'Accept' } ]
612 verbose etag https://registry.npmjs.org/bower from cache
613 verbose get saving bower to C:\Users\Bryce\AppData\Roaming\npm-cache\registry.npmjs.org\bower\.cache.json
614 silly vacuum-fs purging C:\Users\Bryce\AppData\Roaming\npm-cache\_git-remotes\git-github-com-bessdsv-bower-installer-git-8c0433f6
615 silly vacuum-fs quitting because other entries in C:\Users\Bryce\AppData\Roaming\npm-cache\_git-remotes
616 silly addNameRange number 2 { name: 'bower', range: '>=1.3.9 <2.0.0', hasData: true }
617 silly addNameRange versions [ 'bower',
617 silly addNameRange   [ '0.1.0',
617 silly addNameRange     '0.1.2',
617 silly addNameRange     '0.1.3',
617 silly addNameRange     '0.2.0',
617 silly addNameRange     '0.3.0',
617 silly addNameRange     '0.3.1',
617 silly addNameRange     '0.3.2',
617 silly addNameRange     '0.4.0',
617 silly addNameRange     '0.5.0',
617 silly addNameRange     '0.5.1',
617 silly addNameRange     '0.6.0',
617 silly addNameRange     '0.6.1',
617 silly addNameRange     '0.6.2',
617 silly addNameRange     '0.6.3',
617 silly addNameRange     '0.6.4',
617 silly addNameRange     '0.6.5',
617 silly addNameRange     '0.6.6',
617 silly addNameRange     '0.6.7',
617 silly addNameRange     '0.6.8',
617 silly addNameRange     '0.7.0',
617 silly addNameRange     '0.7.1',
617 silly addNameRange     '0.8.0',
617 silly addNameRange     '0.8.1',
617 silly addNameRange     '0.8.2',
617 silly addNameRange     '0.8.3',
617 silly addNameRange     '0.8.4',
617 silly addNameRange     '0.8.5',
617 silly addNameRange     '0.8.6',
617 silly addNameRange     '0.9.0',
617 silly addNameRange     '0.9.1',
617 silly addNameRange     '0.9.2',
617 silly addNameRange     '0.10.0',
617 silly addNameRange     '1.0.0',
617 silly addNameRange     '1.0.1',
617 silly addNameRange     '1.0.2',
617 silly addNameRange     '1.0.3',
617 silly addNameRange     '1.1.0',
617 silly addNameRange     '1.1.1',
617 silly addNameRange     '1.1.2',
617 silly addNameRange     '1.2.0',
617 silly addNameRange     '1.2.1',
617 silly addNameRange     '1.2.2',
617 silly addNameRange     '1.2.3',
617 silly addNameRange     '1.2.4',
617 silly addNameRange     '1.2.5',
617 silly addNameRange     '1.2.6',
617 silly addNameRange     '1.2.7',
617 silly addNameRange     '1.2.8',
617 silly addNameRange     '1.3.0',
617 silly addNameRange     '1.3.1',
617 silly addNameRange     '1.3.2',
617 silly addNameRange     '1.3.3',
617 silly addNameRange     '1.3.4',
617 silly addNameRange     '1.3.5',
617 silly addNameRange     '1.3.6',
617 silly addNameRange     '1.3.7',
617 silly addNameRange     '1.3.8',
617 silly addNameRange     '1.3.9',
617 silly addNameRange     '1.3.10',
617 silly addNameRange     '1.3.11',
617 silly addNameRange     '1.3.12',
617 silly addNameRange     '1.4.0',
617 silly addNameRange     '1.4.1',
617 silly addNameRange     '1.5.0',
617 silly addNameRange     '1.5.1',
617 silly addNameRange     '1.5.2',
617 silly addNameRange     '1.5.3',
617 silly addNameRange     '1.6.2',
617 silly addNameRange     '1.6.3' ] ]
618 silly addNamed bower@1.6.3
619 verbose addNamed "1.6.3" is a plain semver version for bower
620 silly cache afterAdd bower@1.6.3
621 verbose afterAdd C:\Users\Bryce\AppData\Roaming\npm-cache\bower\1.6.3\package\package.json not in flight; writing
622 verbose afterAdd C:\Users\Bryce\AppData\Roaming\npm-cache\bower\1.6.3\package\package.json written
623 error git clone --template=C:\Users\Bryce\AppData\Roaming\npm-cache\_git-remotes\_templates --mirror git://github.com/bessdsv/bower-installer.git C:\Users\Bryce\AppData\Roaming\npm-cache\_git-remotes\git-github-com-bessdsv-bower-installer-git-8c0433f6: undefined
623 error git clone --template=C:\Users\Bryce\AppData\Roaming\npm-cache\_git-remotes\_templates --mirror git://github.com/bessdsv/bower-installer.git C:\Users\Bryce\AppData\Roaming\npm-cache\_git-remotes\git-github-com-bessdsv-bower-installer-git-8c0433f6: undefined
624 verbose about to build C:\Users\Bryce\Software Development\huge\es6nm\node_modules\karma-jasmine-jquery
625 verbose unlock done using C:\Users\Bryce\AppData\Roaming\npm-cache\_locks\karma-jasmine-jquery-dbfb8bd836affba5.lock for C:\Users\Bryce\Software Development\huge\es6nm\node_modules\karma-jasmine-jquery
626 verbose stack Error: not found: git
626 verbose stack     at F (C:\Program Files\nodejs\node_modules\npm\node_modules\which\which.js:73:28)
626 verbose stack     at E (C:\Program Files\nodejs\node_modules\npm\node_modules\which\which.js:76:29)
626 verbose stack     at C:\Program Files\nodejs\node_modules\npm\node_modules\which\which.js:84:16
626 verbose stack     at FSReqWrap.oncomplete (fs.js:82:15)
627 verbose cwd C:\Users\Bryce\Software Development\huge\es6nm
628 error Windows_NT 6.1.7601
629 error argv "C:\\Program Files\\nodejs\\node.exe" "C:\\Program Files\\nodejs\\node_modules\\npm\\bin\\npm-cli.js" "update"
630 error node v4.2.1
631 error npm  v2.14.7
632 error code ENOGIT
633 error not found: git
634 error Failed using git.
634 error This is most likely not a problem with npm itself.
634 error Please check if you have git installed and in your PATH.
635 verbose exit [ 1, true ]
636 verbose unbuild node_modules\karma-jasmine-jquery
637 info preuninstall karma-jasmine-jquery@0.1.1
638 info uninstall karma-jasmine-jquery@0.1.1
639 verbose unbuild rmStuff karma-jasmine-jquery@0.1.1 from C:\Users\Bryce\Software Development\huge\es6nm\node_modules
640 info postuninstall karma-jasmine-jquery@0.1.1
641 silly gentlyRm C:\Users\Bryce\Software Development\huge\es6nm\node_modules\karma-jasmine-jquery is being purged from base C:\Users\Bryce\Software Development\huge\es6nm
642 verbose gentlyRm don't care about contents; nuking C:\Users\Bryce\Software Development\huge\es6nm\node_modules\karma-jasmine-jquery
643 silly vacuum-fs purging C:\Users\Bryce\Software Development\huge\es6nm\node_modules\karma-jasmine-jquery
644 silly vacuum-fs quitting because other entries in C:\Users\Bryce\Software Development\huge\es6nm\node_modules
